2023-03-17 09:07:27,639 INFO org.hibernate.validator.internal.util.Version [background-preinit] HV000001: Hibernate Validator 6.2.5.Final
2023-03-17 09:07:27,643 INFO org.springframework.boot.StartupInfoLogger [restartedMain] Starting SupermarketMappingApplication using Java 17.0.4.1 on DESKTOP-K8IL69S with PID 5248 (C:\Users\admin\Documents\workspace-spring-tool-suite-4-4.16.1.RELEASE\prakash\supermarket-mapping\target\classes started by admin in C:\Users\admin\Documents\workspace-spring-tool-suite-4-4.16.1.RELEASE\prakash\supermarket-mapping)
2023-03-17 09:07:27,645 INFO org.springframework.boot.SpringApplication [restartedMain] No active profile set, falling back to 1 default profile: "default"
2023-03-17 09:07:27,806 INFO org.springframework.boot.logging.DeferredLog [restartedMain] Devtools property defaults active! Set 'spring.devtools.add-properties' to 'false' to disable
2023-03-17 09:07:27,807 INFO org.springframework.boot.logging.DeferredLog [restartedMain] For additional web related logging consider setting the 'logging.level.web' property to 'DEBUG'
2023-03-17 09:07:31,098 INFO org.springframework.data.repository.config.RepositoryConfigurationDelegate [restartedMain] Bootstrapping Spring Data JPA repositories in DEFAULT mode.
2023-03-17 09:07:31,271 INFO org.springframework.data.repository.config.RepositoryConfigurationDelegate [restartedMain] Finished Spring Data repository scanning in 153 ms. Found 9 JPA repository interfaces.
2023-03-17 09:07:32,366 INFO org.springframework.boot.web.embedded.tomcat.TomcatWebServer [restartedMain] Tomcat initialized with port(s): 8080 (http)
2023-03-17 09:07:32,395 INFO org.apache.juli.logging.DirectJDKLog [restartedMain] Initializing ProtocolHandler ["http-nio-8080"]
2023-03-17 09:07:32,396 INFO org.apache.juli.logging.DirectJDKLog [restartedMain] Starting service [Tomcat]
2023-03-17 09:07:32,397 INFO org.apache.juli.logging.DirectJDKLog [restartedMain] Starting Servlet engine: [Apache Tomcat/9.0.70]
2023-03-17 09:07:32,616 INFO org.apache.juli.logging.DirectJDKLog [restartedMain] Initializing Spring embedded WebApplicationContext
2023-03-17 09:07:32,617 INFO org.springframework.boot.web.servlet.context.ServletWebServerApplicationContext [restartedMain] Root WebApplicationContext: initialization completed in 4808 ms
2023-03-17 09:07:33,030 INFO org.hibernate.jpa.internal.util.LogHelper [restartedMain] HHH000204: Processing PersistenceUnitInfo [name: default]
2023-03-17 09:07:33,187 INFO org.hibernate.Version [restartedMain] HHH000412: Hibernate ORM core version 5.6.14.Final
2023-03-17 09:07:33,649 INFO org.hibernate.annotations.common.reflection.java.JavaReflectionManager [restartedMain] HCANN000001: Hibernate Commons Annotations {5.1.2.Final}
2023-03-17 09:07:34,005 INFO com.zaxxer.hikari.HikariDataSource [restartedMain] HikariPool-1 - Starting...
2023-03-17 09:07:34,019 WARN com.zaxxer.hikari.util.DriverDataSource [restartedMain] Registered driver with driverClassName=com.mysql.jdbc.Driver was not found, trying direct instantiation.
2023-03-17 09:07:34,884 INFO com.zaxxer.hikari.HikariDataSource [restartedMain] HikariPool-1 - Start completed.
2023-03-17 09:07:34,982 INFO org.hibernate.dialect.Dialect [restartedMain] HHH000400: Using dialect: org.hibernate.dialect.MySQL8Dialect
2023-03-17 09:07:37,306 INFO org.hibernate.engine.transaction.jta.platform.internal.JtaPlatformInitiator [restartedMain] HHH000490: Using JtaPlatform implementation: [org.hibernate.engine.transaction.jta.platform.internal.NoJtaPlatform]
2023-03-17 09:07:37,330 INFO org.springframework.orm.jpa.AbstractEntityManagerFactoryBean [restartedMain] Initialized JPA EntityManagerFactory for persistence unit 'default'
2023-03-17 09:07:39,691 WARN org.springframework.boot.autoconfigure.orm.jpa.JpaBaseConfiguration$JpaWebConfiguration [restartedMain] spring.jpa.open-in-view is enabled by default. Therefore, database queries may be performed during view rendering. Explicitly configure spring.jpa.open-in-view to disable this warning
2023-03-17 09:07:39,761 INFO org.springframework.boot.autoconfigure.web.servlet.WelcomePageHandlerMapping [restartedMain] Adding welcome page: class path resource [static/index.html]
2023-03-17 09:07:41,161 INFO org.springframework.security.web.DefaultSecurityFilterChain [restartedMain] Will secure any request with [org.springframework.security.web.session.DisableEncodeUrlFilter@2c328800, org.springframework.security.web.context.request.async.WebAsyncManagerIntegrationFilter@1979ab72, org.springframework.security.web.context.SecurityContextPersistenceFilter@580eb0a0, org.springframework.security.web.header.HeaderWriterFilter@2801f60b, org.springframework.web.filter.CorsFilter@3eb7f2bd, org.springframework.security.web.authentication.logout.LogoutFilter@65f65fa1, com.wdm.security.jwt.AuthTokenFilter@4132dfd3, org.springframework.security.web.savedrequest.RequestCacheAwareFilter@4a5a2db2, org.springframework.security.web.servletapi.SecurityContextHolderAwareRequestFilter@860907, org.springframework.security.web.authentication.AnonymousAuthenticationFilter@61921e46, org.springframework.security.web.session.SessionManagementFilter@3dd6a364, org.springframework.security.web.access.ExceptionTranslationFilter@4b29f5aa, org.springframework.security.web.access.intercept.FilterSecurityInterceptor@26be7358]
2023-03-17 09:07:41,922 INFO org.springframework.boot.devtools.autoconfigure.OptionalLiveReloadServer [restartedMain] LiveReload server is running on port 35729
2023-03-17 09:07:41,990 INFO org.apache.juli.logging.DirectJDKLog [restartedMain] Starting ProtocolHandler ["http-nio-8080"]
2023-03-17 09:07:42,046 INFO org.springframework.boot.web.embedded.tomcat.TomcatWebServer [restartedMain] Tomcat started on port(s): 8080 (http) with context path ''
2023-03-17 09:07:42,074 INFO org.springframework.boot.StartupInfoLogger [restartedMain] Started SupermarketMappingApplication in 15.384 seconds (JVM running for 17.637)
2023-03-17 09:09:41,173 INFO org.apache.juli.logging.DirectJDKLog [http-nio-8080-exec-1] Initializing Spring DispatcherServlet 'dispatcherServlet'
2023-03-17 09:09:41,174 INFO org.springframework.web.servlet.FrameworkServlet [http-nio-8080-exec-1] Initializing Servlet 'dispatcherServlet'
2023-03-17 09:09:41,180 INFO org.springframework.web.servlet.FrameworkServlet [http-nio-8080-exec-1] Completed initialization in 5 ms
2023-03-17 09:09:42,632 INFO com.wdm.controller.ProductController [http-nio-8080-exec-6]  getAllproduct product :
2023-03-17 09:15:08,591 INFO com.wdm.controller.ProductController [http-nio-8080-exec-7]  getAllproduct product :
2023-03-17 09:15:09,618 INFO com.wdm.controller.ProductController [http-nio-8080-exec-1]  getAllproduct product :
2023-03-17 09:15:19,556 INFO com.wdm.controller.ProductController [http-nio-8080-exec-2]  getAllproduct product :
2023-03-17 09:15:20,515 INFO com.wdm.controller.ProductController [http-nio-8080-exec-4]  getAllproduct product :
2023-03-17 09:29:04,546 INFO com.wdm.controller.ProductController [http-nio-8080-exec-9]  getAllproduct product :
2023-03-17 09:29:10,514 INFO com.wdm.controller.ProductController [http-nio-8080-exec-3]  getAllproduct product :
2023-03-17 09:29:23,534 INFO com.wdm.controller.ProductController [http-nio-8080-exec-5]  getAllproduct product :
2023-03-17 09:29:32,549 INFO com.wdm.controller.ProductController [http-nio-8080-exec-6]  getAllproduct product :
2023-03-17 09:46:32,689 INFO org.hibernate.validator.internal.util.Version [background-preinit] HV000001: Hibernate Validator 6.2.5.Final
2023-03-17 09:46:32,705 INFO org.springframework.boot.StartupInfoLogger [restartedMain] Starting SupermarketMappingApplication using Java 17.0.4.1 on DESKTOP-K8IL69S with PID 4420 (C:\Users\admin\Documents\workspace-spring-tool-suite-4-4.16.1.RELEASE\prakash\supermarket-mapping\target\classes started by admin in C:\Users\admin\Documents\workspace-spring-tool-suite-4-4.16.1.RELEASE\prakash\supermarket-mapping)
2023-03-17 09:46:32,707 INFO org.springframework.boot.SpringApplication [restartedMain] No active profile set, falling back to 1 default profile: "default"
2023-03-17 09:46:32,798 INFO org.springframework.boot.logging.DeferredLog [restartedMain] Devtools property defaults active! Set 'spring.devtools.add-properties' to 'false' to disable
2023-03-17 09:46:32,799 INFO org.springframework.boot.logging.DeferredLog [restartedMain] For additional web related logging consider setting the 'logging.level.web' property to 'DEBUG'
2023-03-17 09:46:34,390 INFO org.springframework.data.repository.config.RepositoryConfigurationDelegate [restartedMain] Bootstrapping Spring Data JPA repositories in DEFAULT mode.
2023-03-17 09:46:34,547 INFO org.springframework.data.repository.config.RepositoryConfigurationDelegate [restartedMain] Finished Spring Data repository scanning in 138 ms. Found 9 JPA repository interfaces.
2023-03-17 09:46:35,381 INFO org.springframework.boot.web.embedded.tomcat.TomcatWebServer [restartedMain] Tomcat initialized with port(s): 8080 (http)
2023-03-17 09:46:35,398 INFO org.apache.juli.logging.DirectJDKLog [restartedMain] Initializing ProtocolHandler ["http-nio-8080"]
2023-03-17 09:46:35,399 INFO org.apache.juli.logging.DirectJDKLog [restartedMain] Starting service [Tomcat]
2023-03-17 09:46:35,400 INFO org.apache.juli.logging.DirectJDKLog [restartedMain] Starting Servlet engine: [Apache Tomcat/9.0.70]
2023-03-17 09:46:35,535 INFO org.apache.juli.logging.DirectJDKLog [restartedMain] Initializing Spring embedded WebApplicationContext
2023-03-17 09:46:35,535 INFO org.springframework.boot.web.servlet.context.ServletWebServerApplicationContext [restartedMain] Root WebApplicationContext: initialization completed in 2735 ms
2023-03-17 09:46:35,745 INFO org.hibernate.jpa.internal.util.LogHelper [restartedMain] HHH000204: Processing PersistenceUnitInfo [name: default]
2023-03-17 09:46:35,835 INFO org.hibernate.Version [restartedMain] HHH000412: Hibernate ORM core version 5.6.14.Final
2023-03-17 09:46:36,074 INFO org.hibernate.annotations.common.reflection.java.JavaReflectionManager [restartedMain] HCANN000001: Hibernate Commons Annotations {5.1.2.Final}
2023-03-17 09:46:36,259 INFO com.zaxxer.hikari.HikariDataSource [restartedMain] HikariPool-1 - Starting...
2023-03-17 09:46:36,268 WARN com.zaxxer.hikari.util.DriverDataSource [restartedMain] Registered driver with driverClassName=com.mysql.jdbc.Driver was not found, trying direct instantiation.
2023-03-17 09:46:36,766 INFO com.zaxxer.hikari.HikariDataSource [restartedMain] HikariPool-1 - Start completed.
2023-03-17 09:46:36,813 INFO org.hibernate.dialect.Dialect [restartedMain] HHH000400: Using dialect: org.hibernate.dialect.MySQL8Dialect
2023-03-17 09:46:38,149 INFO org.hibernate.engine.transaction.jta.platform.internal.JtaPlatformInitiator [restartedMain] HHH000490: Using JtaPlatform implementation: [org.hibernate.engine.transaction.jta.platform.internal.NoJtaPlatform]
2023-03-17 09:46:38,163 INFO org.springframework.orm.jpa.AbstractEntityManagerFactoryBean [restartedMain] Initialized JPA EntityManagerFactory for persistence unit 'default'
2023-03-17 09:46:39,177 WARN org.springframework.boot.autoconfigure.orm.jpa.JpaBaseConfiguration$JpaWebConfiguration [restartedMain] spring.jpa.open-in-view is enabled by default. Therefore, database queries may be performed during view rendering. Explicitly configure spring.jpa.open-in-view to disable this warning
2023-03-17 09:46:39,216 INFO org.springframework.boot.autoconfigure.web.servlet.WelcomePageHandlerMapping [restartedMain] Adding welcome page: class path resource [static/index.html]
2023-03-17 09:46:40,047 INFO org.springframework.security.web.DefaultSecurityFilterChain [restartedMain] Will secure any request with [org.springframework.security.web.session.DisableEncodeUrlFilter@7fb90307, org.springframework.security.web.context.request.async.WebAsyncManagerIntegrationFilter@7a0658de, org.springframework.security.web.context.SecurityContextPersistenceFilter@4a70890c, org.springframework.security.web.header.HeaderWriterFilter@5eec54c9, org.springframework.web.filter.CorsFilter@63e8e310, org.springframework.security.web.authentication.logout.LogoutFilter@7bf2e817, com.wdm.security.jwt.AuthTokenFilter@3c1ffd66, org.springframework.security.web.savedrequest.RequestCacheAwareFilter@6dac773, org.springframework.security.web.servletapi.SecurityContextHolderAwareRequestFilter@57a4ee3, org.springframework.security.web.authentication.AnonymousAuthenticationFilter@52c32b91, org.springframework.security.web.session.SessionManagementFilter@9abc559, org.springframework.security.web.access.ExceptionTranslationFilter@39781357, org.springframework.security.web.access.intercept.FilterSecurityInterceptor@3df8871b]
2023-03-17 09:46:40,424 INFO org.springframework.boot.devtools.autoconfigure.OptionalLiveReloadServer [restartedMain] LiveReload server is running on port 35729
2023-03-17 09:46:40,457 INFO org.apache.juli.logging.DirectJDKLog [restartedMain] Starting ProtocolHandler ["http-nio-8080"]
2023-03-17 09:46:40,498 INFO org.springframework.boot.web.embedded.tomcat.TomcatWebServer [restartedMain] Tomcat started on port(s): 8080 (http) with context path ''
2023-03-17 09:46:40,518 INFO org.springframework.boot.StartupInfoLogger [restartedMain] Started SupermarketMappingApplication in 8.471 seconds (JVM running for 9.692)
2023-03-17 09:46:54,910 INFO org.apache.juli.logging.DirectJDKLog [http-nio-8080-exec-1] Initializing Spring DispatcherServlet 'dispatcherServlet'
2023-03-17 09:46:54,910 INFO org.springframework.web.servlet.FrameworkServlet [http-nio-8080-exec-1] Initializing Servlet 'dispatcherServlet'
2023-03-17 09:46:54,913 INFO org.springframework.web.servlet.FrameworkServlet [http-nio-8080-exec-1] Completed initialization in 3 ms
2023-03-17 09:46:55,784 INFO com.wdm.controller.ProductController [http-nio-8080-exec-5]  getAllproduct product :
2023-03-17 09:47:04,900 INFO com.wdm.controller.ProductController [http-nio-8080-exec-8] getProductById  productId : 
2023-03-17 09:47:05,274 INFO com.wdm.controller.ProductController [http-nio-8080-exec-10] getProductById  productId : m
2023-03-17 09:47:05,614 INFO com.wdm.controller.ProductController [http-nio-8080-exec-2] getProductById  productId : mi
2023-03-17 09:47:05,936 INFO com.wdm.controller.ProductController [http-nio-8080-exec-4] getProductById  productId : mil
2023-03-17 09:47:07,369 INFO com.wdm.controller.ProductController [http-nio-8080-exec-5] getProductById  productId : milk
2023-03-17 09:47:08,576 INFO com.wdm.controller.ProductController [http-nio-8080-exec-7] getProductById  productId : mil
2023-03-17 09:47:09,157 INFO com.wdm.controller.ProductController [http-nio-8080-exec-8] getProductById  productId : mi
2023-03-17 09:47:09,924 INFO com.wdm.controller.ProductController [http-nio-8080-exec-9] getProductById  productId : m
2023-03-17 09:47:14,440 INFO com.wdm.controller.ProductController [http-nio-8080-exec-10]  getAllproduct product :
2023-03-17 09:59:40,160 INFO com.wdm.controller.ProductController [http-nio-8080-exec-4]  getAllproduct product :
2023-03-17 10:00:30,052 INFO com.wdm.controller.ProductController [http-nio-8080-exec-7]  getAllproduct product :
2023-03-17 10:12:58,767 INFO com.wdm.controller.ProductController [http-nio-8080-exec-2]  getAllproduct product :
2023-03-17 10:13:12,731 WARN org.springframework.web.servlet.handler.AbstractHandlerExceptionResolver [http-nio-8080-exec-6] Resolved [com.wdm.exception.IdNotFoundException: Bad credentials]
2023-03-17 10:19:57,203 INFO com.wdm.controller.ProductController [http-nio-8080-exec-10]  getAllproduct product :
2023-03-17 10:22:23,941 WARN org.springframework.web.servlet.handler.AbstractHandlerExceptionResolver [http-nio-8080-exec-4] Resolved [com.wdm.exception.IdNotFoundException: Bad credentials]
2023-03-17 10:23:33,425 WARN org.springframework.web.servlet.handler.AbstractHandlerExceptionResolver [http-nio-8080-exec-8] Resolved [com.wdm.exception.IdNotFoundException: Bad credentials]
2023-03-17 10:23:37,025 WARN org.springframework.web.servlet.handler.AbstractHandlerExceptionResolver [http-nio-8080-exec-7] Resolved [com.wdm.exception.IdNotFoundException: Email Id not found]
2023-03-17 10:23:49,627 INFO com.wdm.controller.ProductController [http-nio-8080-exec-9]  getAllproduct product :
2023-03-17 10:57:59,446 WARN org.springframework.web.servlet.handler.AbstractHandlerExceptionResolver [http-nio-8080-exec-4] Resolved [com.wdm.exception.IdNotFoundException: Bad credentials]
2023-03-17 10:58:17,109 WARN org.springframework.web.servlet.handler.AbstractHandlerExceptionResolver [http-nio-8080-exec-5] Resolved [com.wdm.exception.IdNotFoundException: Bad credentials]
2023-03-17 11:00:00,694 INFO com.wdm.controller.ProductController [http-nio-8080-exec-9]  getAllproduct product :
2023-03-17 11:00:10,158 WARN org.springframework.web.servlet.handler.AbstractHandlerExceptionResolver [http-nio-8080-exec-2] Resolved [com.wdm.exception.IdNotFoundException: Bad credentials]
2023-03-17 11:01:01,329 INFO com.wdm.controller.ProductController [http-nio-8080-exec-5]  getAllproduct product :
2023-03-17 11:01:25,715 ERROR com.wdm.security.jwt.JwtUtils [http-nio-8080-exec-7] Invalid JWT token: JWT strings must contain exactly 2 period characters. Found: 0
2023-03-17 11:01:25,716 ERROR com.wdm.security.jwt.JwtUtils [http-nio-8080-exec-1] Invalid JWT token: JWT strings must contain exactly 2 period characters. Found: 0
2023-03-17 11:01:25,717 ERROR com.wdm.security.jwt.AuthEntryPointJwt [http-nio-8080-exec-7] Unauthorized error: Full authentication is required to access this resource
2023-03-17 11:01:25,717 ERROR com.wdm.security.jwt.AuthEntryPointJwt [http-nio-8080-exec-1] Unauthorized error: Full authentication is required to access this resource
2023-03-17 11:01:38,201 INFO com.wdm.controller.ProductController [http-nio-8080-exec-10]  getAllproduct product :
2023-03-17 11:03:58,419 INFO com.wdm.controller.ProductController [http-nio-8080-exec-4]  getAllproduct product :
2023-03-17 11:03:58,809 INFO com.wdm.controller.ProductController [http-nio-8080-exec-5]  getAllproduct product :
2023-03-17 11:04:01,723 INFO com.wdm.controller.ProductController [http-nio-8080-exec-1]  getAllproduct product :
2023-03-17 11:04:10,152 INFO com.wdm.controller.ProductController [http-nio-8080-exec-9]  getAllproduct product :
2023-03-17 11:04:10,449 INFO com.wdm.controller.ProductController [http-nio-8080-exec-6]  getAllproduct product :
2023-03-17 11:05:12,475 INFO com.wdm.controller.ProductController [http-nio-8080-exec-7]  getAllproduct product :
2023-03-17 11:07:23,792 INFO com.wdm.controller.ProductController [http-nio-8080-exec-10]  getAllproduct product :
2023-03-17 11:07:24,066 INFO com.wdm.controller.ProductController [http-nio-8080-exec-2]  getAllproduct product :
2023-03-17 11:07:33,354 INFO com.wdm.controller.ProductController [http-nio-8080-exec-8]  getAllproduct product :
2023-03-17 11:07:33,547 INFO com.wdm.controller.ProductController [http-nio-8080-exec-5]  getAllproduct product :
2023-03-17 11:09:11,207 INFO com.wdm.controller.ProductController [http-nio-8080-exec-9]  getAllproduct product :
2023-03-17 11:09:11,605 INFO com.wdm.controller.ProductController [http-nio-8080-exec-6]  getAllproduct product :
2023-03-17 11:09:13,348 INFO com.wdm.controller.ProductController [http-nio-8080-exec-4]  getAllproduct product :
2023-03-17 11:09:13,795 INFO com.wdm.controller.ProductController [http-nio-8080-exec-7]  getAllproduct product :
2023-03-17 11:09:30,343 INFO com.wdm.controller.ProductController [http-nio-8080-exec-1]  getAllproduct product :
2023-03-17 11:09:30,474 INFO com.wdm.controller.ProductController [http-nio-8080-exec-10]  getAllproduct product :
2023-03-17 11:13:12,325 INFO com.wdm.controller.ProductController [http-nio-8080-exec-4]  getAllproduct product :
2023-03-17 11:13:12,480 INFO com.wdm.controller.ProductController [http-nio-8080-exec-5]  getAllproduct product :
2023-03-17 11:13:15,441 INFO com.wdm.controller.ProductController [http-nio-8080-exec-3]  getAllproduct product :
2023-03-17 11:13:15,565 INFO com.wdm.controller.ProductController [http-nio-8080-exec-10]  getAllproduct product :
2023-03-17 11:13:23,618 INFO com.wdm.controller.ProductController [http-nio-8080-exec-6]  getAllproduct product :
2023-03-17 11:13:24,709 INFO com.wdm.controller.ProductController [http-nio-8080-exec-8]  getAllproduct product :
2023-03-17 11:13:26,252 INFO com.wdm.controller.ProductController [http-nio-8080-exec-7]  getAllproduct product :
2023-03-17 11:13:26,374 INFO com.wdm.controller.ProductController [http-nio-8080-exec-1]  getAllproduct product :
2023-03-17 11:14:29,313 INFO com.wdm.controller.ProductController [http-nio-8080-exec-6]  getAllproduct product :
2023-03-17 11:14:29,432 INFO com.wdm.controller.ProductController [http-nio-8080-exec-8]  getAllproduct product :
2023-03-17 11:14:59,772 INFO com.wdm.controller.ProductController [http-nio-8080-exec-5]  getAllproduct product :
2023-03-17 11:14:59,936 INFO com.wdm.controller.ProductController [http-nio-8080-exec-7]  getAllproduct product :
2023-03-17 11:15:01,248 INFO com.wdm.controller.ProductController [http-nio-8080-exec-3]  getAllproduct product :
2023-03-17 11:15:38,264 INFO com.wdm.controller.ProductController [http-nio-8080-exec-2]  getAllproduct product :
2023-03-17 11:15:38,389 INFO com.wdm.controller.ProductController [http-nio-8080-exec-8]  getAllproduct product :
2023-03-17 11:15:56,212 INFO com.wdm.controller.ProductController [http-nio-8080-exec-5]  getAllproduct product :
2023-03-17 11:15:56,337 INFO com.wdm.controller.ProductController [http-nio-8080-exec-7]  getAllproduct product :
2023-03-17 11:16:04,206 INFO com.wdm.controller.ProductController [http-nio-8080-exec-10]  getAllproduct product :
2023-03-17 11:16:04,346 INFO com.wdm.controller.ProductController [http-nio-8080-exec-6]  getAllproduct product :
2023-03-17 11:16:10,497 INFO com.wdm.controller.ProductController [http-nio-8080-exec-2]  getAllproduct product :
2023-03-17 11:16:12,185 INFO com.wdm.controller.ProductController [http-nio-8080-exec-9]  getAllproduct product :
2023-03-17 11:16:15,253 INFO com.wdm.controller.ProductController [http-nio-8080-exec-5]  getAllproduct product :
2023-03-17 11:16:18,202 INFO com.wdm.controller.ProductController [http-nio-8080-exec-3]  getAllproduct product :
2023-03-17 11:16:25,199 INFO com.wdm.controller.ProductController [http-nio-8080-exec-10]  getAllproduct product :
2023-03-17 11:16:26,398 INFO com.wdm.controller.ProductController [http-nio-8080-exec-8]  getAllproduct product :
2023-03-17 11:16:40,227 INFO com.wdm.controller.ProductController [http-nio-8080-exec-1]  getAllproduct product :
2023-03-17 11:16:58,230 INFO com.wdm.controller.ProductController [http-nio-8080-exec-4]  getAllproduct product :
2023-03-17 11:16:59,272 INFO com.wdm.controller.ProductController [http-nio-8080-exec-6]  getAllproduct product :
2023-03-17 11:17:35,266 INFO com.wdm.controller.ProductController [http-nio-8080-exec-9]  getAllproduct product :
2023-03-17 11:17:35,391 INFO com.wdm.controller.ProductController [http-nio-8080-exec-9]  getAllproduct product :
2023-03-17 11:17:58,486 INFO com.wdm.controller.ProductController [http-nio-8080-exec-3]  getAllproduct product :
2023-03-17 11:18:24,076 INFO com.wdm.controller.ProductController [http-nio-8080-exec-10]  getAllproduct product :
2023-03-17 11:18:25,237 INFO com.wdm.controller.ProductController [http-nio-8080-exec-8]  getAllproduct product :
2023-03-17 11:18:36,878 INFO com.wdm.controller.ProductController [http-nio-8080-exec-1]  getAllproduct product :
2023-03-17 11:18:37,243 INFO com.wdm.controller.ProductController [http-nio-8080-exec-5]  getAllproduct product :
2023-03-17 11:18:39,802 INFO com.wdm.controller.ProductController [http-nio-8080-exec-4]  getAllproduct product :
2023-03-17 11:18:40,256 INFO com.wdm.controller.ProductController [http-nio-8080-exec-6]  getAllproduct product :
2023-03-17 11:18:44,002 INFO com.wdm.controller.ProductController [http-nio-8080-exec-2]  getAllproduct product :
2023-03-17 11:18:44,242 INFO com.wdm.controller.ProductController [http-nio-8080-exec-7]  getAllproduct product :
2023-03-17 11:18:45,718 INFO com.wdm.controller.ProductController [http-nio-8080-exec-9]  getAllproduct product :
2023-03-17 11:18:46,242 INFO com.wdm.controller.ProductController [http-nio-8080-exec-3]  getAllproduct product :
2023-03-17 11:18:48,185 INFO com.wdm.controller.ProductController [http-nio-8080-exec-10]  getAllproduct product :
2023-03-17 11:18:48,335 INFO com.wdm.controller.ProductController [http-nio-8080-exec-8]  getAllproduct product :
2023-03-17 12:04:51,556 INFO com.wdm.controller.ProductController [http-nio-8080-exec-3]  getAllproduct product :
2023-03-17 12:05:08,791 INFO com.wdm.controller.ProductController [http-nio-8080-exec-6]  getAllproduct product :
2023-03-17 12:05:26,298 INFO com.wdm.controller.ProductController [http-nio-8080-exec-2]  getAllproduct product :
2023-03-17 12:05:35,650 ERROR com.wdm.security.jwt.JwtUtils [http-nio-8080-exec-1] Invalid JWT token: JWT strings must contain exactly 2 period characters. Found: 0
2023-03-17 12:05:35,652 ERROR com.wdm.security.jwt.AuthEntryPointJwt [http-nio-8080-exec-1] Unauthorized error: Full authentication is required to access this resource
2023-03-17 12:05:35,656 ERROR com.wdm.security.jwt.JwtUtils [http-nio-8080-exec-7] Invalid JWT token: JWT strings must contain exactly 2 period characters. Found: 0
2023-03-17 12:05:35,658 ERROR com.wdm.security.jwt.AuthEntryPointJwt [http-nio-8080-exec-7] Unauthorized error: Full authentication is required to access this resource
2023-03-17 12:11:22,696 INFO com.wdm.controller.ProductController [http-nio-8080-exec-10]  getAllproduct product :
2023-03-17 12:12:17,295 INFO com.wdm.controller.ProductController [http-nio-8080-exec-8]  getAllproduct product :
2023-03-17 12:12:17,789 INFO com.wdm.controller.ProductController [http-nio-8080-exec-1]  getAllproduct product :
2023-03-17 12:12:21,363 INFO com.wdm.controller.ProductController [http-nio-8080-exec-5]  getAllproduct product :
2023-03-17 12:12:25,004 INFO com.wdm.controller.ProductController [http-nio-8080-exec-4]  getAllproduct product :
2023-03-17 12:12:41,316 INFO com.wdm.controller.ProductController [http-nio-8080-exec-6]  getAllproduct product :
2023-03-17 12:12:52,534 INFO com.wdm.controller.ProductController [http-nio-8080-exec-2]  getAllproduct product :
2023-03-17 12:13:05,044 INFO com.wdm.controller.ProductController [http-nio-8080-exec-7]  getAllproduct product :
2023-03-17 12:31:54,720 WARN org.springframework.web.servlet.handler.AbstractHandlerExceptionResolver [http-nio-8080-exec-3] Resolved [com.wdm.exception.IdNotFoundException: Bad credentials]
2023-03-17 12:53:27,518 INFO com.wdm.controller.ProductController [http-nio-8080-exec-1]  getAllproduct product :
2023-03-17 14:35:49,263 INFO org.hibernate.validator.internal.util.Version [background-preinit] HV000001: Hibernate Validator 6.2.5.Final
2023-03-17 14:35:49,277 INFO org.springframework.boot.StartupInfoLogger [restartedMain] Starting SupermarketMappingApplication using Java 17.0.4.1 on DESKTOP-K8IL69S with PID 6612 (C:\Users\admin\Documents\workspace-spring-tool-suite-4-4.16.1.RELEASE\prakash\supermarket-mapping\target\classes started by admin in C:\Users\admin\Documents\workspace-spring-tool-suite-4-4.16.1.RELEASE\prakash\supermarket-mapping)
2023-03-17 14:35:49,279 INFO org.springframework.boot.SpringApplication [restartedMain] No active profile set, falling back to 1 default profile: "default"
2023-03-17 14:35:49,392 INFO org.springframework.boot.logging.DeferredLog [restartedMain] Devtools property defaults active! Set 'spring.devtools.add-properties' to 'false' to disable
2023-03-17 14:35:49,393 INFO org.springframework.boot.logging.DeferredLog [restartedMain] For additional web related logging consider setting the 'logging.level.web' property to 'DEBUG'
2023-03-17 14:35:51,051 INFO org.springframework.data.repository.config.RepositoryConfigurationDelegate [restartedMain] Bootstrapping Spring Data JPA repositories in DEFAULT mode.
2023-03-17 14:35:51,177 INFO org.springframework.data.repository.config.RepositoryConfigurationDelegate [restartedMain] Finished Spring Data repository scanning in 109 ms. Found 9 JPA repository interfaces.
2023-03-17 14:35:52,003 INFO org.springframework.boot.web.embedded.tomcat.TomcatWebServer [restartedMain] Tomcat initialized with port(s): 8080 (http)
2023-03-17 14:35:52,020 INFO org.apache.juli.logging.DirectJDKLog [restartedMain] Initializing ProtocolHandler ["http-nio-8080"]
2023-03-17 14:35:52,021 INFO org.apache.juli.logging.DirectJDKLog [restartedMain] Starting service [Tomcat]
2023-03-17 14:35:52,022 INFO org.apache.juli.logging.DirectJDKLog [restartedMain] Starting Servlet engine: [Apache Tomcat/9.0.70]
2023-03-17 14:35:52,149 INFO org.apache.juli.logging.DirectJDKLog [restartedMain] Initializing Spring embedded WebApplicationContext
2023-03-17 14:35:52,150 INFO org.springframework.boot.web.servlet.context.ServletWebServerApplicationContext [restartedMain] Root WebApplicationContext: initialization completed in 2755 ms
2023-03-17 14:35:52,358 INFO org.hibernate.jpa.internal.util.LogHelper [restartedMain] HHH000204: Processing PersistenceUnitInfo [name: default]
2023-03-17 14:35:52,447 INFO org.hibernate.Version [restartedMain] HHH000412: Hibernate ORM core version 5.6.14.Final
2023-03-17 14:35:52,748 INFO org.hibernate.annotations.common.reflection.java.JavaReflectionManager [restartedMain] HCANN000001: Hibernate Commons Annotations {5.1.2.Final}
2023-03-17 14:35:52,909 INFO com.zaxxer.hikari.HikariDataSource [restartedMain] HikariPool-1 - Starting...
2023-03-17 14:35:52,917 WARN com.zaxxer.hikari.util.DriverDataSource [restartedMain] Registered driver with driverClassName=com.mysql.jdbc.Driver was not found, trying direct instantiation.
2023-03-17 14:35:53,445 INFO com.zaxxer.hikari.HikariDataSource [restartedMain] HikariPool-1 - Start completed.
2023-03-17 14:35:53,496 INFO org.hibernate.dialect.Dialect [restartedMain] HHH000400: Using dialect: org.hibernate.dialect.MySQL8Dialect
2023-03-17 14:35:54,729 INFO org.hibernate.engine.transaction.jta.platform.internal.JtaPlatformInitiator [restartedMain] HHH000490: Using JtaPlatform implementation: [org.hibernate.engine.transaction.jta.platform.internal.NoJtaPlatform]
2023-03-17 14:35:54,743 INFO org.springframework.orm.jpa.AbstractEntityManagerFactoryBean [restartedMain] Initialized JPA EntityManagerFactory for persistence unit 'default'
2023-03-17 14:35:55,776 WARN org.springframework.boot.autoconfigure.orm.jpa.JpaBaseConfiguration$JpaWebConfiguration [restartedMain] spring.jpa.open-in-view is enabled by default. Therefore, database queries may be performed during view rendering. Explicitly configure spring.jpa.open-in-view to disable this warning
2023-03-17 14:35:55,819 INFO org.springframework.boot.autoconfigure.web.servlet.WelcomePageHandlerMapping [restartedMain] Adding welcome page: class path resource [static/index.html]
2023-03-17 14:35:56,626 INFO org.springframework.security.web.DefaultSecurityFilterChain [restartedMain] Will secure any request with [org.springframework.security.web.session.DisableEncodeUrlFilter@52c32b91, org.springframework.security.web.context.request.async.WebAsyncManagerIntegrationFilter@6555bbf5, org.springframework.security.web.context.SecurityContextPersistenceFilter@57a4ee3, org.springframework.security.web.header.HeaderWriterFilter@68d55192, org.springframework.web.filter.CorsFilter@2d5ddf29, org.springframework.security.web.authentication.logout.LogoutFilter@61f7b091, com.wdm.security.jwt.AuthTokenFilter@5ca3f5f4, org.springframework.security.web.savedrequest.RequestCacheAwareFilter@6667fc72, org.springframework.security.web.servletapi.SecurityContextHolderAwareRequestFilter@36d64e92, org.springframework.security.web.authentication.AnonymousAuthenticationFilter@90959f1, org.springframework.security.web.session.SessionManagementFilter@4a70890c, org.springframework.security.web.access.ExceptionTranslationFilter@3112d120, org.springframework.security.web.access.intercept.FilterSecurityInterceptor@1f75f27a]
2023-03-17 14:35:57,003 INFO org.springframework.boot.devtools.autoconfigure.OptionalLiveReloadServer [restartedMain] LiveReload server is running on port 35729
2023-03-17 14:35:57,038 INFO org.apache.juli.logging.DirectJDKLog [restartedMain] Starting ProtocolHandler ["http-nio-8080"]
2023-03-17 14:35:57,075 INFO org.springframework.boot.web.embedded.tomcat.TomcatWebServer [restartedMain] Tomcat started on port(s): 8080 (http) with context path ''
2023-03-17 14:35:57,090 INFO org.springframework.boot.StartupInfoLogger [restartedMain] Started SupermarketMappingApplication in 8.61 seconds (JVM running for 9.999)
2023-03-17 14:38:02,796 INFO org.apache.juli.logging.DirectJDKLog [http-nio-8080-exec-1] Initializing Spring DispatcherServlet 'dispatcherServlet'
2023-03-17 14:38:02,797 INFO org.springframework.web.servlet.FrameworkServlet [http-nio-8080-exec-1] Initializing Servlet 'dispatcherServlet'
2023-03-17 14:38:02,799 INFO org.springframework.web.servlet.FrameworkServlet [http-nio-8080-exec-1] Completed initialization in 2 ms
2023-03-17 14:38:04,667 INFO com.wdm.controller.ProductController [http-nio-8080-exec-5]  getAllproduct product :
2023-03-17 14:38:21,033 INFO com.wdm.controller.ProductController [http-nio-8080-exec-10]  getAllproduct product :
2023-03-17 14:38:29,966 WARN org.springframework.web.servlet.handler.AbstractHandlerExceptionResolver [http-nio-8080-exec-4] Resolved [com.wdm.exception.IdNotFoundException: Bad credentials]
2023-03-17 14:38:34,712 WARN org.springframework.web.servlet.handler.AbstractHandlerExceptionResolver [http-nio-8080-exec-5] Resolved [com.wdm.exception.IdNotFoundException: Email Id not found]
2023-03-17 14:38:35,783 WARN org.springframework.web.servlet.handler.AbstractHandlerExceptionResolver [http-nio-8080-exec-7] Resolved [com.wdm.exception.IdNotFoundException: Email Id not found]
2023-03-17 14:38:59,485 WARN org.springframework.web.servlet.handler.AbstractHandlerExceptionResolver [http-nio-8080-exec-9] Resolved [com.wdm.exception.IdNotFoundException: Email Id not found]
2023-03-17 14:40:30,416 WARN org.springframework.web.servlet.handler.AbstractHandlerExceptionResolver [http-nio-8080-exec-10] Resolved [com.wdm.exception.IdNotFoundException: Bad credentials]
2023-03-17 14:41:02,208 INFO com.wdm.controller.ProductController [http-nio-8080-exec-2]  getAllproduct product :
2023-03-17 14:43:55,426 INFO com.wdm.controller.ProductController [http-nio-8080-exec-7]  getAllproduct product :
2023-03-17 14:44:00,282 INFO com.wdm.controller.ProductController [http-nio-8080-exec-9]  getAllproduct product :
2023-03-17 14:44:12,272 INFO com.wdm.controller.ProductController [http-nio-8080-exec-10]  getAllproduct product :
2023-03-17 14:44:23,301 INFO com.wdm.controller.ProductController [http-nio-8080-exec-5]  getAllproduct product :
2023-03-17 14:44:42,255 INFO com.wdm.controller.ProductController [http-nio-8080-exec-1]  getAllproduct product :
2023-03-17 14:44:59,290 INFO com.wdm.controller.ProductController [http-nio-8080-exec-4]  getAllproduct product :
2023-03-17 14:45:01,249 INFO com.wdm.controller.ProductController [http-nio-8080-exec-6]  getAllproduct product :
2023-03-17 14:45:05,296 INFO com.wdm.controller.ProductController [http-nio-8080-exec-9]  getAllproduct product :
2023-03-17 14:45:37,673 INFO com.wdm.controller.ProductController [http-nio-8080-exec-10]  getAllproduct product :
2023-03-17 14:45:51,270 INFO com.wdm.controller.ProductController [http-nio-8080-exec-5]  getAllproduct product :
2023-03-17 14:46:02,239 INFO com.wdm.controller.ProductController [http-nio-8080-exec-7]  getAllproduct product :
2023-03-17 14:46:35,230 INFO com.wdm.controller.ProductController [http-nio-8080-exec-3]  getAllproduct product :
2023-03-17 14:46:43,279 INFO com.wdm.controller.ProductController [http-nio-8080-exec-6]  getAllproduct product :
2023-03-17 14:47:27,277 INFO com.wdm.controller.ProductController [http-nio-8080-exec-8]  getAllproduct product :
2023-03-17 14:47:41,016 INFO com.wdm.controller.ProductController [http-nio-8080-exec-10]  getAllproduct product :
2023-03-17 14:48:33,027 INFO com.wdm.controller.ProductController [http-nio-8080-exec-5]  getAllproduct product :
2023-03-17 14:48:33,346 INFO com.wdm.controller.ProductController [http-nio-8080-exec-7]  getAllproduct product :
2023-03-17 14:48:34,674 INFO com.wdm.controller.ProductController [http-nio-8080-exec-9]  getAllproduct product :
2023-03-17 14:48:41,823 INFO com.wdm.controller.ProductController [http-nio-8080-exec-4]  getAllproduct product :
2023-03-17 14:48:42,256 INFO com.wdm.controller.ProductController [http-nio-8080-exec-6]  getAllproduct product :
2023-03-17 14:48:43,786 INFO com.wdm.controller.ProductController [http-nio-8080-exec-8]  getAllproduct product :
2023-03-17 14:48:44,233 INFO com.wdm.controller.ProductController [http-nio-8080-exec-7]  getAllproduct product :
2023-03-17 14:48:47,772 INFO com.wdm.controller.ProductController [http-nio-8080-exec-3]  getAllproduct product :
2023-03-17 14:48:48,250 INFO com.wdm.controller.ProductController [http-nio-8080-exec-2]  getAllproduct product :
2023-03-17 14:48:50,850 INFO com.wdm.controller.ProductController [http-nio-8080-exec-1]  getAllproduct product :
2023-03-17 14:48:51,264 INFO com.wdm.controller.ProductController [http-nio-8080-exec-9]  getAllproduct product :
2023-03-17 14:48:59,140 INFO com.wdm.controller.ProductController [http-nio-8080-exec-10]  getAllproduct product :
2023-03-17 14:48:59,300 INFO com.wdm.controller.ProductController [http-nio-8080-exec-4]  getAllproduct product :
2023-03-17 14:49:04,532 INFO com.wdm.controller.ProductController [http-nio-8080-exec-8]  getAllproduct product :
2023-03-17 14:49:05,247 INFO com.wdm.controller.ProductController [http-nio-8080-exec-7]  getAllproduct product :
2023-03-17 14:49:25,354 INFO com.wdm.controller.ProductController [http-nio-8080-exec-2]  getAllproduct product :
2023-03-17 14:49:26,237 INFO com.wdm.controller.ProductController [http-nio-8080-exec-6]  getAllproduct product :
2023-03-17 14:49:41,639 INFO com.wdm.controller.ProductController [http-nio-8080-exec-9]  getAllproduct product :
2023-03-17 14:49:42,216 INFO com.wdm.controller.ProductController [http-nio-8080-exec-3]  getAllproduct product :
2023-03-17 14:49:57,292 INFO com.wdm.controller.ProductController [http-nio-8080-exec-4]  getAllproduct product :
2023-03-17 14:50:12,193 INFO com.wdm.controller.ProductController [http-nio-8080-exec-6] getProductById  productId : 
2023-03-17 14:50:13,000 INFO com.wdm.controller.ProductController [http-nio-8080-exec-1] getProductById  productId : d
2023-03-17 14:50:16,823 INFO com.wdm.controller.ProductController [http-nio-8080-exec-9] getProductById  productId : dc
2023-03-17 14:50:17,222 INFO com.wdm.controller.ProductController [http-nio-8080-exec-10] getProductById  productId : d
2023-03-17 14:50:20,194 INFO com.wdm.controller.ProductController [http-nio-8080-exec-3]  getAllproduct product :
2023-03-17 14:51:21,507 WARN org.springframework.web.servlet.handler.AbstractHandlerExceptionResolver [http-nio-8080-exec-6] Resolved [com.wdm.exception.IdNotFoundException: Bad credentials]
2023-03-17 14:51:31,364 INFO com.wdm.controller.ProductController [http-nio-8080-exec-1]  getAllproduct product :
2023-03-17 14:51:47,995 INFO com.wdm.controller.ProductController [http-nio-8080-exec-10]  getAllproduct product :
2023-03-17 14:52:05,038 INFO com.wdm.controller.ProductController [http-nio-8080-exec-4]  getAllproduct product :
2023-03-17 15:24:39,050 INFO com.wdm.controller.ProductController [http-nio-8080-exec-9]  getAllproduct product :
2023-03-17 15:24:40,271 INFO com.wdm.controller.ProductController [http-nio-8080-exec-10]  getAllproduct product :
2023-03-17 15:24:43,935 INFO com.wdm.controller.ProductController [http-nio-8080-exec-5]  getAllproduct product :
2023-03-17 15:24:44,332 INFO com.wdm.controller.ProductController [http-nio-8080-exec-6]  getAllproduct product :
2023-03-17 15:24:57,523 INFO com.wdm.controller.ProductController [http-nio-8080-exec-2]  getAllproduct product :
2023-03-17 15:24:58,288 INFO com.wdm.controller.ProductController [http-nio-8080-exec-3]  getAllproduct product :
2023-03-17 15:25:17,562 INFO com.wdm.controller.ProductController [http-nio-8080-exec-8]  getAllproduct product :
2023-03-17 15:25:18,222 INFO com.wdm.controller.ProductController [http-nio-8080-exec-1]  getAllproduct product :
2023-03-17 15:25:23,891 INFO com.wdm.controller.ProductController [http-nio-8080-exec-9]  getAllproduct product :
2023-03-17 15:25:24,226 INFO com.wdm.controller.ProductController [http-nio-8080-exec-10]  getAllproduct product :
2023-03-17 15:25:44,029 INFO com.wdm.controller.ProductController [http-nio-8080-exec-4]  getAllproduct product :
2023-03-17 15:25:44,227 INFO com.wdm.controller.ProductController [http-nio-8080-exec-6]  getAllproduct product :
2023-03-17 15:25:45,511 INFO com.wdm.controller.ProductController [http-nio-8080-exec-7]  getAllproduct product :
2023-03-17 15:25:46,273 INFO com.wdm.controller.ProductController [http-nio-8080-exec-2]  getAllproduct product :
2023-03-17 15:25:59,780 INFO com.wdm.controller.ProductController [http-nio-8080-exec-5]  getAllproduct product :
2023-03-17 15:26:00,885 INFO com.wdm.controller.ProductController [http-nio-8080-exec-8]  getAllproduct product :
2023-03-17 15:26:01,220 INFO com.wdm.controller.ProductController [http-nio-8080-exec-1]  getAllproduct product :
2023-03-17 15:26:29,642 INFO com.wdm.controller.ProductController [http-nio-8080-exec-3]  getAllproduct product :
2023-03-17 15:26:30,296 INFO com.wdm.controller.ProductController [http-nio-8080-exec-4]  getAllproduct product :
2023-03-17 15:26:30,683 INFO com.wdm.controller.ProductController [http-nio-8080-exec-6]  getAllproduct product :
2023-03-17 15:26:48,560 INFO com.wdm.controller.ProductController [http-nio-8080-exec-7]  getAllproduct product :
2023-03-17 15:26:49,242 INFO com.wdm.controller.ProductController [http-nio-8080-exec-9]  getAllproduct product :
2023-03-17 15:27:17,091 INFO com.wdm.controller.ProductController [http-nio-8080-exec-10]  getAllproduct product :
2023-03-17 15:27:17,394 INFO com.wdm.controller.ProductController [http-nio-8080-exec-5]  getAllproduct product :
2023-03-17 15:27:23,774 INFO com.wdm.controller.ProductController [http-nio-8080-exec-8]  getAllproduct product :
2023-03-17 15:27:24,236 INFO com.wdm.controller.ProductController [http-nio-8080-exec-1]  getAllproduct product :
2023-03-17 15:28:08,117 INFO com.wdm.controller.ProductController [http-nio-8080-exec-2]  getAllproduct product :
2023-03-17 15:28:08,292 INFO com.wdm.controller.ProductController [http-nio-8080-exec-3]  getAllproduct product :
2023-03-17 15:28:14,667 INFO com.wdm.controller.ProductController [http-nio-8080-exec-4]  getAllproduct product :
2023-03-17 15:28:15,371 INFO com.wdm.controller.ProductController [http-nio-8080-exec-6]  getAllproduct product :
2023-03-17 15:28:35,076 INFO com.wdm.controller.ProductController [http-nio-8080-exec-7]  getAllproduct product :
2023-03-17 15:28:49,532 INFO com.wdm.controller.ProductController [http-nio-8080-exec-9]  getAllproduct product :
2023-03-17 15:28:50,244 INFO com.wdm.controller.ProductController [http-nio-8080-exec-10]  getAllproduct product :
2023-03-17 15:29:10,378 INFO com.wdm.controller.ProductController [http-nio-8080-exec-5]  getAllproduct product :
2023-03-17 15:29:10,662 INFO com.wdm.controller.ProductController [http-nio-8080-exec-8]  getAllproduct product :
2023-03-17 15:29:28,961 INFO com.wdm.controller.ProductController [http-nio-8080-exec-1]  getAllproduct product :
2023-03-17 15:29:29,323 INFO com.wdm.controller.ProductController [http-nio-8080-exec-2]  getAllproduct product :
2023-03-17 15:29:31,321 INFO com.wdm.controller.ProductController [http-nio-8080-exec-3]  getAllproduct product :
2023-03-17 15:29:32,228 INFO com.wdm.controller.ProductController [http-nio-8080-exec-4]  getAllproduct product :
2023-03-17 15:29:39,533 INFO com.wdm.controller.ProductController [http-nio-8080-exec-6]  getAllproduct product :
2023-03-17 15:29:40,258 INFO com.wdm.controller.ProductController [http-nio-8080-exec-7]  getAllproduct product :
2023-03-17 15:30:17,205 INFO com.wdm.controller.ProductController [http-nio-8080-exec-9]  getAllproduct product :
2023-03-17 15:30:17,355 INFO com.wdm.controller.ProductController [http-nio-8080-exec-10]  getAllproduct product :
2023-03-17 15:30:41,354 INFO com.wdm.controller.ProductController [http-nio-8080-exec-5]  getAllproduct product :
2023-03-17 15:30:41,499 INFO com.wdm.controller.ProductController [http-nio-8080-exec-8]  getAllproduct product :
2023-03-17 15:40:25,254 INFO com.wdm.controller.ProductController [http-nio-8080-exec-3]  getAllproduct product :
2023-03-17 15:44:02,104 INFO com.wdm.controller.ProductController [http-nio-8080-exec-6]  getAllproduct product :
2023-03-17 15:44:02,280 INFO com.wdm.controller.ProductController [http-nio-8080-exec-7]  getAllproduct product :
2023-03-17 15:46:01,002 INFO com.wdm.controller.ProductController [http-nio-8080-exec-10]  getAllproduct product :
2023-03-17 15:46:01,525 INFO com.wdm.controller.ProductController [http-nio-8080-exec-5]  getAllproduct product :
2023-03-17 15:46:04,360 INFO com.wdm.controller.ProductController [http-nio-8080-exec-8]  getAllproduct product :
2023-03-17 15:46:06,529 INFO com.wdm.controller.ProductController [http-nio-8080-exec-1]  getAllproduct product :
2023-03-17 15:46:20,274 INFO com.wdm.controller.ProductController [http-nio-8080-exec-9]  getAllproduct product :
2023-03-17 15:46:20,416 INFO com.wdm.controller.ProductController [http-nio-8080-exec-10]  getAllproduct product :
2023-03-17 15:46:28,242 INFO com.wdm.controller.ProductController [http-nio-8080-exec-4]  getAllproduct product :
2023-03-17 15:46:28,388 INFO com.wdm.controller.ProductController [http-nio-8080-exec-6]  getAllproduct product :
2023-03-17 15:49:07,264 INFO com.wdm.controller.ProductController [http-nio-8080-exec-2]  getAllproduct product :
2023-03-17 15:49:29,645 INFO com.wdm.controller.ProductController [http-nio-8080-exec-4]  getAllproduct product :
2023-03-17 15:50:00,426 INFO com.wdm.controller.ProductController [http-nio-8080-exec-6]  getAllproduct product :
2023-03-17 15:50:29,611 INFO com.wdm.controller.ProductController [http-nio-8080-exec-1]  getAllproduct product :
2023-03-17 15:50:35,185 INFO com.wdm.controller.ProductController [http-nio-8080-exec-2]  getAllproduct product :
2023-03-17 15:50:41,757 INFO com.wdm.controller.ProductController [http-nio-8080-exec-10]  getAllproduct product :
2023-03-17 15:58:24,208 INFO com.wdm.controller.ProductController [http-nio-8080-exec-1]  getAllproduct product :
2023-03-17 15:59:15,307 INFO com.wdm.controller.Categorycontroller [http-nio-8080-exec-10] add to category
2023-03-17 15:59:44,940 INFO com.wdm.controller.Categorycontroller [http-nio-8080-exec-7] add to category
2023-03-17 16:00:00,664 INFO com.wdm.controller.Categorycontroller [http-nio-8080-exec-9] add to category
2023-03-17 16:00:13,831 INFO com.wdm.controller.Categorycontroller [http-nio-8080-exec-1] add to category
2023-03-17 16:00:24,942 INFO com.wdm.controller.Categorycontroller [http-nio-8080-exec-5] add to category
2023-03-17 16:00:45,893 INFO com.wdm.controller.Categorycontroller [http-nio-8080-exec-10] add to category
2023-03-17 16:01:24,977 INFO com.wdm.controller.ProductController [http-nio-8080-exec-4]  getAllproduct product :
2023-03-17 16:01:37,511 INFO com.wdm.controller.ProductController [http-nio-8080-exec-3]  getAllproduct product :
2023-03-17 16:02:26,865 INFO com.wdm.controller.ProductController [http-nio-8080-exec-10] save new product - resquestProduct= {"productName":"Banana","stock":"200","unit":"pics","categoryId":200,"price":"8"}, file=banana.jpg 
2023-03-17 16:02:29,543 INFO com.wdm.controller.ProductController [http-nio-8080-exec-8]  getAllproduct product :
2023-03-17 16:03:05,153 INFO com.wdm.controller.ProductController [http-nio-8080-exec-6] save new product - resquestProduct= {"productName":"Water Melon","stock":"1500","unit":"kg","categoryId":200,"price":"20"}, file=watermelon.jpg 
2023-03-17 16:03:05,532 INFO com.wdm.controller.ProductController [http-nio-8080-exec-7]  getAllproduct product :
2023-03-17 16:03:42,153 INFO com.wdm.controller.ProductController [http-nio-8080-exec-1] save new product - resquestProduct= {"productName":"Capsicum","stock":"20","unit":"kg","categoryId":201,"price":"60"}, file=capscicum(1).jpg 
2023-03-17 16:03:43,187 INFO com.wdm.controller.ProductController [http-nio-8080-exec-3]  getAllproduct product :
2023-03-17 16:04:19,399 INFO com.wdm.controller.ProductController [http-nio-8080-exec-4] save new product - resquestProduct= {"productName":"CauliFlower","stock":"50","unit":"pics","categoryId":201,"price":"40"}, file=cauli-flower.jpg 
2023-03-17 16:04:20,206 INFO com.wdm.controller.ProductController [http-nio-8080-exec-8]  getAllproduct product :
2023-03-17 16:04:54,485 INFO com.wdm.controller.ProductController [http-nio-8080-exec-9] save new product - resquestProduct= {"productName":"Carrot","stock":"40","unit":"kg","categoryId":201,"price":"70"}, file=carrot(1).jpg 
2023-03-17 16:04:54,720 INFO com.wdm.controller.ProductController [http-nio-8080-exec-7]  getAllproduct product :
2023-03-17 16:05:25,864 INFO com.wdm.controller.Categorycontroller [http-nio-8080-exec-3] add to category
2023-03-17 16:05:28,438 INFO com.wdm.controller.ProductController [http-nio-8080-exec-10]  getAllproduct product :
2023-03-17 16:07:01,532 INFO com.wdm.controller.ProductController [http-nio-8080-exec-8] save new product - resquestProduct= {"productName":"Broiler Egg","stock":"40","unit":"dozen","categoryId":241,"price":"6"}, file=egg.jpg 
2023-03-17 16:07:02,885 INFO com.wdm.controller.ProductController [http-nio-8080-exec-9]  getAllproduct product :
2023-03-17 16:28:22,550 INFO org.springframework.boot.admin.SpringApplicationAdminMXBeanRegistrar$SpringApplicationAdmin [RMI TCP Connection(112)-127.0.0.1] Application shutdown requested.
2023-03-17 16:28:22,643 INFO org.apache.juli.logging.DirectJDKLog [RMI TCP Connection(112)-127.0.0.1] Pausing ProtocolHandler ["http-nio-8080"]
2023-03-17 16:28:22,645 INFO org.apache.juli.logging.DirectJDKLog [RMI TCP Connection(112)-127.0.0.1] Stopping service [Tomcat]
2023-03-17 16:28:22,655 INFO org.apache.juli.logging.DirectJDKLog [RMI TCP Connection(112)-127.0.0.1] Destroying Spring FrameworkServlet 'dispatcherServlet'
2023-03-17 16:28:22,689 WARN org.apache.juli.logging.DirectJDKLog [RMI TCP Connection(112)-127.0.0.1] The web application [ROOT] appears to have started a thread named [HikariPool-1 housekeeper] but has failed to stop it. This is very likely to create a memory leak. Stack trace of thread:
 java.base@17.0.4.1/jdk.internal.misc.Unsafe.park(Native Method)
 java.base@17.0.4.1/java.util.concurrent.locks.LockSupport.parkNanos(LockSupport.java:252)
 java.base@17.0.4.1/java.util.concurrent.locks.AbstractQueuedSynchronizer$ConditionObject.awaitNanos(AbstractQueuedSynchronizer.java:1672)
 java.base@17.0.4.1/java.util.concurrent.ScheduledThreadPoolExecutor$DelayedWorkQueue.take(ScheduledThreadPoolExecutor.java:1182)
 java.base@17.0.4.1/java.util.concurrent.ScheduledThreadPoolExecutor$DelayedWorkQueue.take(ScheduledThreadPoolExecutor.java:899)
 java.base@17.0.4.1/java.util.concurrent.ThreadPoolExecutor.getTask(ThreadPoolExecutor.java:1062)
 java.base@17.0.4.1/java.util.concurrent.ThreadPoolExecutor.runWorker(ThreadPoolExecutor.java:1122)
 java.base@17.0.4.1/java.util.concurrent.ThreadPoolExecutor$Worker.run(ThreadPoolExecutor.java:635)
 java.base@17.0.4.1/java.lang.Thread.run(Thread.java:833)
2023-03-17 16:28:22,695 INFO org.apache.juli.logging.DirectJDKLog [RMI TCP Connection(112)-127.0.0.1] Stopping ProtocolHandler ["http-nio-8080"]
2023-03-17 16:28:22,703 INFO org.apache.juli.logging.DirectJDKLog [RMI TCP Connection(112)-127.0.0.1] Destroying ProtocolHandler ["http-nio-8080"]
2023-03-17 16:28:22,743 INFO org.springframework.orm.jpa.AbstractEntityManagerFactoryBean [RMI TCP Connection(112)-127.0.0.1] Closing JPA EntityManagerFactory for persistence unit 'default'
2023-03-17 16:28:22,780 INFO com.zaxxer.hikari.HikariDataSource [RMI TCP Connection(112)-127.0.0.1] HikariPool-1 - Shutdown initiated...
2023-03-17 16:28:22,806 INFO com.zaxxer.hikari.HikariDataSource [RMI TCP Connection(112)-127.0.0.1] HikariPool-1 - Shutdown completed.
