2023-02-05 20:58:15,335 INFO org.hibernate.validator.internal.util.Version [background-preinit] HV000001: Hibernate Validator 6.2.5.Final
2023-02-05 20:58:15,382 INFO org.springframework.boot.StartupInfoLogger [restartedMain] Starting SupermarketMappingApplication using Java 17.0.4.1 on DESKTOP-K8IL69S with PID 16164 (C:\Users\admin\Documents\workspace-spring-tool-suite-4-4.16.1.RELEASE\prakash\supermarket-mapping\target\classes started by admin in C:\Users\admin\Documents\workspace-spring-tool-suite-4-4.16.1.RELEASE\prakash\supermarket-mapping)
2023-02-05 20:58:15,384 INFO org.springframework.boot.SpringApplication [restartedMain] No active profile set, falling back to 1 default profile: "default"
2023-02-05 20:58:15,631 INFO org.springframework.boot.logging.DeferredLog [restartedMain] Devtools property defaults active! Set 'spring.devtools.add-properties' to 'false' to disable
2023-02-05 20:58:15,633 INFO org.springframework.boot.logging.DeferredLog [restartedMain] For additional web related logging consider setting the 'logging.level.web' property to 'DEBUG'
2023-02-05 20:58:18,173 INFO org.springframework.data.repository.config.RepositoryConfigurationDelegate [restartedMain] Bootstrapping Spring Data JPA repositories in DEFAULT mode.
2023-02-05 20:58:18,377 INFO org.springframework.data.repository.config.RepositoryConfigurationDelegate [restartedMain] Finished Spring Data repository scanning in 181 ms. Found 9 JPA repository interfaces.
2023-02-05 20:58:19,883 INFO org.springframework.boot.web.embedded.tomcat.TomcatWebServer [restartedMain] Tomcat initialized with port(s): 8080 (http)
2023-02-05 20:58:19,916 INFO org.apache.juli.logging.DirectJDKLog [restartedMain] Initializing ProtocolHandler ["http-nio-8080"]
2023-02-05 20:58:19,919 INFO org.apache.juli.logging.DirectJDKLog [restartedMain] Starting service [Tomcat]
2023-02-05 20:58:19,920 INFO org.apache.juli.logging.DirectJDKLog [restartedMain] Starting Servlet engine: [Apache Tomcat/9.0.70]
2023-02-05 20:58:20,254 INFO org.apache.juli.logging.DirectJDKLog [restartedMain] Initializing Spring embedded WebApplicationContext
2023-02-05 20:58:20,258 INFO org.springframework.boot.web.servlet.context.ServletWebServerApplicationContext [restartedMain] Root WebApplicationContext: initialization completed in 4621 ms
2023-02-05 20:58:20,883 INFO org.hibernate.jpa.internal.util.LogHelper [restartedMain] HHH000204: Processing PersistenceUnitInfo [name: default]
2023-02-05 20:58:21,087 INFO org.hibernate.Version [restartedMain] HHH000412: Hibernate ORM core version 5.6.14.Final
2023-02-05 20:58:21,610 INFO org.hibernate.annotations.common.reflection.java.JavaReflectionManager [restartedMain] HCANN000001: Hibernate Commons Annotations {5.1.2.Final}
2023-02-05 20:58:21,854 INFO com.zaxxer.hikari.HikariDataSource [restartedMain] HikariPool-1 - Starting...
2023-02-05 20:58:21,867 WARN com.zaxxer.hikari.util.DriverDataSource [restartedMain] Registered driver with driverClassName=com.mysql.jdbc.Driver was not found, trying direct instantiation.
2023-02-05 20:58:22,602 INFO com.zaxxer.hikari.HikariDataSource [restartedMain] HikariPool-1 - Start completed.
2023-02-05 20:58:22,678 INFO org.hibernate.dialect.Dialect [restartedMain] HHH000400: Using dialect: org.hibernate.dialect.MySQL8Dialect
2023-02-05 20:58:25,541 INFO org.hibernate.engine.transaction.jta.platform.internal.JtaPlatformInitiator [restartedMain] HHH000490: Using JtaPlatform implementation: [org.hibernate.engine.transaction.jta.platform.internal.NoJtaPlatform]
2023-02-05 20:58:25,566 INFO org.springframework.orm.jpa.AbstractEntityManagerFactoryBean [restartedMain] Initialized JPA EntityManagerFactory for persistence unit 'default'
2023-02-05 20:58:27,124 WARN org.springframework.boot.autoconfigure.orm.jpa.JpaBaseConfiguration$JpaWebConfiguration [restartedMain] spring.jpa.open-in-view is enabled by default. Therefore, database queries may be performed during view rendering. Explicitly configure spring.jpa.open-in-view to disable this warning
2023-02-05 20:58:27,434 INFO org.springframework.boot.autoconfigure.web.servlet.WelcomePageHandlerMapping [restartedMain] Adding welcome page: class path resource [static/index.html]
2023-02-05 20:58:29,230 INFO org.springframework.boot.devtools.autoconfigure.OptionalLiveReloadServer [restartedMain] LiveReload server is running on port 35729
2023-02-05 20:58:29,267 INFO org.apache.juli.logging.DirectJDKLog [restartedMain] Starting ProtocolHandler ["http-nio-8080"]
2023-02-05 20:58:29,325 INFO org.springframework.boot.web.embedded.tomcat.TomcatWebServer [restartedMain] Tomcat started on port(s): 8080 (http) with context path ''
2023-02-05 20:58:29,357 INFO org.springframework.boot.StartupInfoLogger [restartedMain] Started SupermarketMappingApplication in 14.988 seconds (JVM running for 16.456)
2023-02-05 20:58:36,008 INFO org.apache.juli.logging.DirectJDKLog [http-nio-8080-exec-1] Initializing Spring DispatcherServlet 'dispatcherServlet'
2023-02-05 20:58:36,009 INFO org.springframework.web.servlet.FrameworkServlet [http-nio-8080-exec-1] Initializing Servlet 'dispatcherServlet'
2023-02-05 20:58:36,016 INFO org.springframework.web.servlet.FrameworkServlet [http-nio-8080-exec-1] Completed initialization in 6 ms
2023-02-05 20:58:37,195 INFO com.wdm.controller.ProductController [http-nio-8080-exec-5]  getAllproduct product :
2023-02-05 20:58:46,904 INFO com.wdm.controller.ProductController [http-nio-8080-exec-8] getProductById  productId : v
2023-02-05 20:58:51,051 INFO com.wdm.controller.ProductController [http-nio-8080-exec-9] getProductById  productId : 
2023-02-05 20:58:53,519 INFO com.wdm.controller.ProductController [http-nio-8080-exec-10] getProductById  productId : a
2023-02-05 20:58:53,858 INFO com.wdm.controller.ProductController [http-nio-8080-exec-1] getProductById  productId : ap
2023-02-05 20:58:56,890 INFO com.wdm.controller.ProductController [http-nio-8080-exec-2] getProductById  productId : a
2023-02-05 20:58:57,285 INFO com.wdm.controller.ProductController [http-nio-8080-exec-3] getProductById  productId : 
2023-02-05 20:58:58,088 INFO com.wdm.controller.ProductController [http-nio-8080-exec-4] getProductById  productId : l
2023-02-05 20:58:58,597 INFO com.wdm.controller.ProductController [http-nio-8080-exec-7] getProductById  productId : lo
2023-02-05 20:59:00,547 INFO com.wdm.controller.ProductController [http-nio-8080-exec-5] getProductById  productId : l
2023-02-05 20:59:01,155 INFO com.wdm.controller.ProductController [http-nio-8080-exec-6] getProductById  productId : 
2023-02-05 20:59:04,655 INFO com.wdm.controller.ProductController [http-nio-8080-exec-8] getProductById  productId : b
2023-02-05 20:59:05,530 INFO com.wdm.controller.ProductController [http-nio-8080-exec-9] getProductById  productId : bk
2023-02-05 20:59:06,472 INFO com.wdm.controller.ProductController [http-nio-8080-exec-10] getProductById  productId : b
2023-02-05 20:59:07,772 INFO com.wdm.controller.ProductController [http-nio-8080-exec-1] getProductById  productId : bo
2023-02-05 20:59:09,188 INFO com.wdm.controller.ProductController [http-nio-8080-exec-2] getProductById  productId : b
2023-02-05 20:59:09,626 INFO com.wdm.controller.ProductController [http-nio-8080-exec-3] getProductById  productId : 
