2023-03-11 09:18:05,026 INFO org.hibernate.validator.internal.util.Version [background-preinit] HV000001: Hibernate Validator 6.2.5.Final
2023-03-11 09:18:05,039 INFO org.springframework.boot.StartupInfoLogger [restartedMain] Starting SupermarketMappingApplication using Java 17.0.4.1 on DESKTOP-K8IL69S with PID 10676 (C:\Users\admin\Documents\workspace-spring-tool-suite-4-4.16.1.RELEASE\prakash\supermarket-mapping\target\classes started by admin in C:\Users\admin\Documents\workspace-spring-tool-suite-4-4.16.1.RELEASE\prakash\supermarket-mapping)
2023-03-11 09:18:05,040 INFO org.springframework.boot.SpringApplication [restartedMain] No active profile set, falling back to 1 default profile: "default"
2023-03-11 09:18:05,150 INFO org.springframework.boot.logging.DeferredLog [restartedMain] Devtools property defaults active! Set 'spring.devtools.add-properties' to 'false' to disable
2023-03-11 09:18:05,152 INFO org.springframework.boot.logging.DeferredLog [restartedMain] For additional web related logging consider setting the 'logging.level.web' property to 'DEBUG'
2023-03-11 09:18:06,985 INFO org.springframework.data.repository.config.RepositoryConfigurationDelegate [restartedMain] Bootstrapping Spring Data JPA repositories in DEFAULT mode.
2023-03-11 09:18:07,119 INFO org.springframework.data.repository.config.RepositoryConfigurationDelegate [restartedMain] Finished Spring Data repository scanning in 118 ms. Found 9 JPA repository interfaces.
2023-03-11 09:18:08,005 INFO org.springframework.boot.web.embedded.tomcat.TomcatWebServer [restartedMain] Tomcat initialized with port(s): 8080 (http)
2023-03-11 09:18:08,022 INFO org.apache.juli.logging.DirectJDKLog [restartedMain] Initializing ProtocolHandler ["http-nio-8080"]
2023-03-11 09:18:08,023 INFO org.apache.juli.logging.DirectJDKLog [restartedMain] Starting service [Tomcat]
2023-03-11 09:18:08,024 INFO org.apache.juli.logging.DirectJDKLog [restartedMain] Starting Servlet engine: [Apache Tomcat/9.0.70]
2023-03-11 09:18:08,142 INFO org.apache.juli.logging.DirectJDKLog [restartedMain] Initializing Spring embedded WebApplicationContext
2023-03-11 09:18:08,142 INFO org.springframework.boot.web.servlet.context.ServletWebServerApplicationContext [restartedMain] Root WebApplicationContext: initialization completed in 2988 ms
2023-03-11 09:18:08,378 INFO org.hibernate.jpa.internal.util.LogHelper [restartedMain] HHH000204: Processing PersistenceUnitInfo [name: default]
2023-03-11 09:18:08,526 INFO org.hibernate.Version [restartedMain] HHH000412: Hibernate ORM core version 5.6.14.Final
2023-03-11 09:18:08,772 INFO org.hibernate.annotations.common.reflection.java.JavaReflectionManager [restartedMain] HCANN000001: Hibernate Commons Annotations {5.1.2.Final}
2023-03-11 09:18:08,948 INFO com.zaxxer.hikari.HikariDataSource [restartedMain] HikariPool-1 - Starting...
2023-03-11 09:18:08,956 WARN com.zaxxer.hikari.util.DriverDataSource [restartedMain] Registered driver with driverClassName=com.mysql.jdbc.Driver was not found, trying direct instantiation.
2023-03-11 09:18:09,378 INFO com.zaxxer.hikari.HikariDataSource [restartedMain] HikariPool-1 - Start completed.
2023-03-11 09:18:09,426 INFO org.hibernate.dialect.Dialect [restartedMain] HHH000400: Using dialect: org.hibernate.dialect.MySQL8Dialect
2023-03-11 09:18:10,651 INFO org.hibernate.engine.transaction.jta.platform.internal.JtaPlatformInitiator [restartedMain] HHH000490: Using JtaPlatform implementation: [org.hibernate.engine.transaction.jta.platform.internal.NoJtaPlatform]
2023-03-11 09:18:10,666 INFO org.springframework.orm.jpa.AbstractEntityManagerFactoryBean [restartedMain] Initialized JPA EntityManagerFactory for persistence unit 'default'
2023-03-11 09:18:11,691 WARN org.springframework.boot.autoconfigure.orm.jpa.JpaBaseConfiguration$JpaWebConfiguration [restartedMain] spring.jpa.open-in-view is enabled by default. Therefore, database queries may be performed during view rendering. Explicitly configure spring.jpa.open-in-view to disable this warning
2023-03-11 09:18:11,730 INFO org.springframework.boot.autoconfigure.web.servlet.WelcomePageHandlerMapping [restartedMain] Adding welcome page: class path resource [static/index.html]
2023-03-11 09:18:12,534 INFO org.springframework.security.web.DefaultSecurityFilterChain [restartedMain] Will secure any request with [org.springframework.security.web.session.DisableEncodeUrlFilter@47c48b10, org.springframework.security.web.context.request.async.WebAsyncManagerIntegrationFilter@214a1db3, org.springframework.security.web.context.SecurityContextPersistenceFilter@58cad8d3, org.springframework.security.web.header.HeaderWriterFilter@341598ca, org.springframework.web.filter.CorsFilter@2d738da0, org.springframework.security.web.authentication.logout.LogoutFilter@24dec5d5, com.wdm.security.jwt.AuthTokenFilter@5322c724, org.springframework.security.web.savedrequest.RequestCacheAwareFilter@39781357, org.springframework.security.web.servletapi.SecurityContextHolderAwareRequestFilter@50ee0247, org.springframework.security.web.authentication.AnonymousAuthenticationFilter@28de6aca, org.springframework.security.web.session.SessionManagementFilter@34a8a766, org.springframework.security.web.access.ExceptionTranslationFilter@7c811887, org.springframework.security.web.access.intercept.FilterSecurityInterceptor@334ce9da]
2023-03-11 09:18:12,953 INFO org.springframework.boot.devtools.autoconfigure.OptionalLiveReloadServer [restartedMain] LiveReload server is running on port 35729
2023-03-11 09:18:12,984 INFO org.apache.juli.logging.DirectJDKLog [restartedMain] Starting ProtocolHandler ["http-nio-8080"]
2023-03-11 09:18:13,017 INFO org.springframework.boot.web.embedded.tomcat.TomcatWebServer [restartedMain] Tomcat started on port(s): 8080 (http) with context path ''
2023-03-11 09:18:13,031 INFO org.springframework.boot.StartupInfoLogger [restartedMain] Started SupermarketMappingApplication in 8.68 seconds (JVM running for 10.43)
2023-03-11 09:21:17,903 INFO org.apache.juli.logging.DirectJDKLog [http-nio-8080-exec-2] Initializing Spring DispatcherServlet 'dispatcherServlet'
2023-03-11 09:21:17,904 INFO org.springframework.web.servlet.FrameworkServlet [http-nio-8080-exec-2] Initializing Servlet 'dispatcherServlet'
2023-03-11 09:21:17,907 INFO org.springframework.web.servlet.FrameworkServlet [http-nio-8080-exec-2] Completed initialization in 3 ms
2023-03-11 09:21:18,450 INFO com.wdm.controller.ProductController [http-nio-8080-exec-3]  getAllproduct product :
2023-03-11 09:21:18,721 INFO com.wdm.controller.ProductController [http-nio-8080-exec-4]  getAllproduct product :
2023-03-11 09:24:09,724 INFO com.wdm.controller.ProductController [http-nio-8080-exec-7]  getAllproduct product :
2023-03-11 09:24:09,835 INFO com.wdm.controller.ProductController [http-nio-8080-exec-8]  getAllproduct product :
2023-03-11 09:25:28,491 INFO com.wdm.controller.ProductController [http-nio-8080-exec-10]  getAllproduct product :
2023-03-11 09:25:28,584 INFO com.wdm.controller.ProductController [http-nio-8080-exec-1]  getAllproduct product :
2023-03-11 09:37:18,175 INFO com.wdm.controller.ProductController [http-nio-8080-exec-3]  getAllproduct product :
2023-03-11 09:37:18,945 INFO com.wdm.controller.ProductController [http-nio-8080-exec-4]  getAllproduct product :
2023-03-11 09:37:30,550 INFO com.wdm.controller.ProductController [http-nio-8080-exec-5]  getAllproduct product :
2023-03-11 09:37:34,217 INFO com.wdm.controller.ProductController [http-nio-8080-exec-6]  getAllproduct product :
2023-03-11 09:37:34,312 INFO com.wdm.controller.ProductController [http-nio-8080-exec-7]  getAllproduct product :
2023-03-11 09:37:47,681 INFO com.wdm.controller.ProductController [http-nio-8080-exec-8]  getAllproduct product :
2023-03-11 09:39:35,392 INFO com.wdm.controller.ProductController [http-nio-8080-exec-10]  getAllproduct product :
2023-03-11 09:39:57,499 INFO com.wdm.controller.ProductController [http-nio-8080-exec-1]  getAllproduct product :
2023-03-11 09:40:04,558 INFO com.wdm.controller.ProductController [http-nio-8080-exec-2]  getAllproduct product :
2023-03-11 09:40:13,438 INFO com.wdm.controller.ProductController [http-nio-8080-exec-3]  getAllproduct product :
2023-03-11 09:40:20,538 INFO com.wdm.controller.ProductController [http-nio-8080-exec-4]  getAllproduct product :
2023-03-11 09:40:23,125 INFO com.wdm.controller.ProductController [http-nio-8080-exec-5]  getAllproduct product :
2023-03-11 09:40:38,807 INFO com.wdm.controller.ProductController [http-nio-8080-exec-6]  getAllproduct product :
2023-03-11 09:41:02,856 INFO com.wdm.controller.ProductController [http-nio-8080-exec-7]  getAllproduct product :
2023-03-11 09:43:04,492 INFO com.wdm.controller.ProductController [http-nio-8080-exec-9]  getAllproduct product :
2023-03-11 09:43:08,588 INFO com.wdm.controller.ProductController [http-nio-8080-exec-10]  getAllproduct product :
2023-03-11 09:43:15,493 INFO com.wdm.controller.ProductController [http-nio-8080-exec-1]  getAllproduct product :
2023-03-11 09:43:21,486 INFO com.wdm.controller.ProductController [http-nio-8080-exec-2]  getAllproduct product :
2023-03-11 09:43:39,639 INFO com.wdm.controller.ProductController [http-nio-8080-exec-3]  getAllproduct product :
2023-03-11 09:43:41,545 INFO com.wdm.controller.ProductController [http-nio-8080-exec-4]  getAllproduct product :
2023-03-11 09:43:44,492 INFO com.wdm.controller.ProductController [http-nio-8080-exec-5]  getAllproduct product :
2023-03-11 09:43:58,583 INFO com.wdm.controller.ProductController [http-nio-8080-exec-6]  getAllproduct product :
2023-03-11 09:44:12,409 INFO com.wdm.controller.ProductController [http-nio-8080-exec-7]  getAllproduct product :
2023-03-11 09:44:24,437 INFO com.wdm.controller.ProductController [http-nio-8080-exec-8]  getAllproduct product :
2023-03-11 10:21:32,106 INFO com.wdm.controller.ProductController [http-nio-8080-exec-1]  getAllproduct product :
2023-03-11 10:31:23,760 INFO com.wdm.controller.ProductController [http-nio-8080-exec-3]  getAllproduct product :
2023-03-11 10:31:26,520 INFO com.wdm.controller.ProductController [http-nio-8080-exec-4]  getAllproduct product :
2023-03-11 10:31:26,608 INFO com.wdm.controller.ProductController [http-nio-8080-exec-5]  getAllproduct product :
2023-03-11 11:15:37,639 INFO com.wdm.controller.ProductController [http-nio-8080-exec-9]  getAllproduct product :
2023-03-11 11:15:37,741 INFO com.wdm.controller.ProductController [http-nio-8080-exec-9]  getAllproduct product :
2023-03-11 11:17:35,800 INFO com.wdm.controller.ProductController [http-nio-8080-exec-3]  getAllproduct product :
2023-03-11 11:17:38,077 INFO com.wdm.controller.ProductController [http-nio-8080-exec-4]  getAllproduct product :
2023-03-11 11:19:30,812 INFO com.wdm.controller.ProductController [http-nio-8080-exec-6]  getAllproduct product :
2023-03-11 11:19:31,723 INFO com.wdm.controller.ProductController [http-nio-8080-exec-7]  getAllproduct product :
2023-03-11 11:19:31,811 INFO com.wdm.controller.ProductController [http-nio-8080-exec-8]  getAllproduct product :
2023-03-11 11:20:39,524 INFO com.wdm.controller.ProductController [http-nio-8080-exec-9]  getAllproduct product :
2023-03-11 11:20:39,607 INFO com.wdm.controller.ProductController [http-nio-8080-exec-2]  getAllproduct product :
2023-03-11 11:21:05,074 INFO com.wdm.controller.ProductController [http-nio-8080-exec-1]  getAllproduct product :
2023-03-11 11:21:25,624 INFO com.wdm.controller.ProductController [http-nio-8080-exec-3]  getAllproduct product :
2023-03-11 11:21:25,718 INFO com.wdm.controller.ProductController [http-nio-8080-exec-4]  getAllproduct product :
2023-03-11 11:21:41,910 INFO com.wdm.controller.ProductController [http-nio-8080-exec-6]  getAllproduct product :
2023-03-11 11:21:44,081 INFO com.wdm.controller.ProductController [http-nio-8080-exec-7]  getAllproduct product :
2023-03-11 11:23:09,641 INFO com.wdm.controller.ProductController [http-nio-8080-exec-10]  getAllproduct product :
2023-03-11 11:23:46,758 INFO com.wdm.controller.ProductController [http-nio-8080-exec-9]  getAllproduct product :
2023-03-11 11:23:50,369 INFO com.wdm.controller.ProductController [http-nio-8080-exec-2]  getAllproduct product :
2023-03-11 11:23:57,949 INFO com.wdm.controller.ProductController [http-nio-8080-exec-1]  getAllproduct product :
2023-03-11 11:24:35,883 INFO com.wdm.controller.ProductController [http-nio-8080-exec-3]  getAllproduct product :
2023-03-11 11:27:57,523 INFO com.wdm.controller.ProductController [http-nio-8080-exec-6]  getAllproduct product :
2023-03-11 11:28:30,553 INFO com.wdm.controller.ProductController [http-nio-8080-exec-7]  getAllproduct product :
2023-03-11 11:28:33,607 INFO com.wdm.controller.ProductController [http-nio-8080-exec-8]  getAllproduct product :
2023-03-11 11:28:37,533 INFO com.wdm.controller.ProductController [http-nio-8080-exec-10]  getAllproduct product :
2023-03-11 11:28:40,509 INFO com.wdm.controller.ProductController [http-nio-8080-exec-9]  getAllproduct product :
2023-03-11 11:28:50,513 INFO com.wdm.controller.ProductController [http-nio-8080-exec-2]  getAllproduct product :
2023-03-11 11:30:04,568 INFO com.wdm.controller.ProductController [http-nio-8080-exec-10]  getAllproduct product :
2023-03-11 11:30:07,564 INFO com.wdm.controller.ProductController [http-nio-8080-exec-9]  getAllproduct product :
2023-03-11 11:30:10,509 INFO com.wdm.controller.ProductController [http-nio-8080-exec-2]  getAllproduct product :
2023-03-11 11:30:39,345 INFO com.wdm.controller.ProductController [http-nio-8080-exec-8]  getAllproduct product :
2023-03-11 11:30:53,328 INFO com.wdm.controller.ProductController [http-nio-8080-exec-2]  getAllproduct product :
2023-03-11 11:30:54,259 INFO com.wdm.controller.ProductController [http-nio-8080-exec-1]  getAllproduct product :
2023-03-11 11:31:05,514 INFO com.wdm.controller.ProductController [http-nio-8080-exec-8]  getAllproduct product :
2023-03-11 11:31:22,825 INFO com.wdm.controller.ProductController [http-nio-8080-exec-10]  getAllproduct product :
2023-03-11 11:31:22,930 INFO com.wdm.controller.ProductController [http-nio-8080-exec-9]  getAllproduct product :
2023-03-11 11:31:53,471 INFO com.wdm.controller.ProductController [http-nio-8080-exec-2]  getAllproduct product :
2023-03-11 11:31:53,569 INFO com.wdm.controller.ProductController [http-nio-8080-exec-1]  getAllproduct product :
2023-03-11 11:32:00,612 INFO com.wdm.controller.ProductController [http-nio-8080-exec-3]  getAllproduct product :
2023-03-11 11:32:21,999 INFO com.wdm.controller.ProductController [http-nio-8080-exec-10]  getAllproduct product :
2023-03-11 11:33:38,601 INFO com.wdm.controller.ProductController [http-nio-8080-exec-1]  getAllproduct product :
2023-03-11 11:33:38,688 INFO com.wdm.controller.ProductController [http-nio-8080-exec-3]  getAllproduct product :
2023-03-11 11:33:40,288 INFO com.wdm.controller.ProductController [http-nio-8080-exec-4]  getAllproduct product :
2023-03-11 11:33:58,665 INFO com.wdm.controller.ProductController [http-nio-8080-exec-8]  getAllproduct product :
2023-03-11 11:34:19,215 INFO com.wdm.controller.ProductController [http-nio-8080-exec-10]  getAllproduct product :
2023-03-11 11:34:19,305 INFO com.wdm.controller.ProductController [http-nio-8080-exec-9]  getAllproduct product :
2023-03-11 11:34:20,495 INFO com.wdm.controller.ProductController [http-nio-8080-exec-2]  getAllproduct product :
2023-03-11 11:34:20,578 INFO com.wdm.controller.ProductController [http-nio-8080-exec-1]  getAllproduct product :
2023-03-11 11:34:36,872 INFO com.wdm.controller.ProductController [http-nio-8080-exec-3]  getAllproduct product :
2023-03-11 11:35:48,635 INFO com.wdm.controller.ProductController [http-nio-8080-exec-6]  getAllproduct product :
2023-03-11 11:36:02,840 INFO com.wdm.controller.ProductController [http-nio-8080-exec-7]  getAllproduct product :
2023-03-11 11:36:07,728 INFO com.wdm.controller.ProductController [http-nio-8080-exec-8]  getAllproduct product :
2023-03-11 11:36:07,817 INFO com.wdm.controller.ProductController [http-nio-8080-exec-10]  getAllproduct product :
2023-03-11 11:36:22,304 INFO com.wdm.controller.ProductController [http-nio-8080-exec-9]  getAllproduct product :
2023-03-11 11:36:22,419 INFO com.wdm.controller.ProductController [http-nio-8080-exec-2]  getAllproduct product :
2023-03-11 11:36:42,774 INFO com.wdm.controller.ProductController [http-nio-8080-exec-1]  getAllproduct product :
2023-03-11 11:36:55,997 INFO com.wdm.controller.ProductController [http-nio-8080-exec-3]  getAllproduct product :
2023-03-11 11:38:45,851 ERROR com.wdm.security.jwt.AuthEntryPointJwt [http-nio-8080-exec-7] Unauthorized error: Full authentication is required to access this resource
2023-03-11 11:38:45,964 ERROR com.wdm.security.jwt.AuthEntryPointJwt [http-nio-8080-exec-8] Unauthorized error: Full authentication is required to access this resource
2023-03-11 11:39:49,028 INFO com.wdm.controller.ProductController [http-nio-8080-exec-3]  getAllproduct product :
2023-03-11 11:39:49,136 INFO com.wdm.controller.ProductController [http-nio-8080-exec-4]  getAllproduct product :
2023-03-11 11:39:54,412 INFO com.wdm.controller.ProductController [http-nio-8080-exec-5]  getAllproduct product :
2023-03-11 11:40:00,025 INFO com.wdm.controller.ProductController [http-nio-8080-exec-6]  getAllproduct product :
2023-03-11 11:40:05,513 INFO com.wdm.controller.ProductController [http-nio-8080-exec-7]  getAllproduct product :
2023-03-11 11:40:16,543 INFO com.wdm.controller.ProductController [http-nio-8080-exec-8]  getAllproduct product :
2023-03-11 11:40:27,495 INFO com.wdm.controller.ProductController [http-nio-8080-exec-10]  getAllproduct product :
2023-03-11 11:40:27,587 INFO com.wdm.controller.ProductController [http-nio-8080-exec-9]  getAllproduct product :
2023-03-11 11:40:36,869 INFO com.wdm.controller.ProductController [http-nio-8080-exec-2]  getAllproduct product :
2023-03-11 11:40:36,991 INFO com.wdm.controller.ProductController [http-nio-8080-exec-1]  getAllproduct product :
2023-03-11 11:40:46,132 INFO com.wdm.controller.ProductController [http-nio-8080-exec-3]  getAllproduct product :
2023-03-11 11:41:01,503 INFO com.wdm.controller.ProductController [http-nio-8080-exec-7]  getAllproduct product :
2023-03-11 11:41:04,816 WARN org.springframework.web.servlet.handler.AbstractHandlerExceptionResolver [http-nio-8080-exec-10] Resolved [org.springframework.web.method.annotation.MethodArgumentTypeMismatchException: Failed to convert value of type 'java.lang.String' to required type 'long'; nested exception is java.lang.NumberFormatException: For input string: "dsxc"]
2023-03-11 11:41:07,981 INFO com.wdm.controller.ProductController [http-nio-8080-exec-9]  getAllproduct product :
2023-03-11 11:41:08,102 INFO com.wdm.controller.ProductController [http-nio-8080-exec-2]  getAllproduct product :
2023-03-11 11:41:12,785 INFO com.wdm.controller.ProductController [http-nio-8080-exec-3]  getAllproduct product :
2023-03-11 11:41:14,297 WARN org.springframework.web.servlet.handler.AbstractHandlerExceptionResolver [http-nio-8080-exec-5] Resolved [org.springframework.web.method.annotation.MethodArgumentTypeMismatchException: Failed to convert value of type 'java.lang.String' to required type 'long'; nested exception is java.lang.NumberFormatException: For input string: "s"]
2023-03-11 11:41:16,157 WARN org.springframework.web.servlet.handler.AbstractHandlerExceptionResolver [http-nio-8080-exec-7] Resolved [org.springframework.web.method.annotation.MethodArgumentTypeMismatchException: Failed to convert value of type 'java.lang.String' to required type 'long'; nested exception is java.lang.NumberFormatException: For input string: "sc"]
2023-03-11 11:41:19,989 WARN org.springframework.web.servlet.handler.AbstractHandlerExceptionResolver [http-nio-8080-exec-10] Resolved [org.springframework.web.method.annotation.MethodArgumentTypeMismatchException: Failed to convert value of type 'java.lang.String' to required type 'long'; nested exception is java.lang.NumberFormatException: For input string: "scf"]
2023-03-11 11:41:43,209 WARN org.springframework.web.servlet.handler.AbstractHandlerExceptionResolver [http-nio-8080-exec-2] Resolved [org.springframework.web.method.annotation.MethodArgumentTypeMismatchException: Failed to convert value of type 'java.lang.String' to required type 'long'; nested exception is java.lang.NumberFormatException: For input string: "scfd"]
2023-03-11 11:41:45,018 INFO com.wdm.controller.ProductController [http-nio-8080-exec-1]  getAllproduct product :
2023-03-11 11:41:45,404 WARN org.springframework.web.servlet.handler.AbstractHandlerExceptionResolver [http-nio-8080-exec-4] Resolved [org.springframework.web.method.annotation.MethodArgumentTypeMismatchException: Failed to convert value of type 'java.lang.String' to required type 'long'; nested exception is java.lang.NumberFormatException: For input string: "a"]
2023-03-11 11:41:45,522 WARN org.springframework.web.servlet.handler.AbstractHandlerExceptionResolver [http-nio-8080-exec-6] Resolved [org.springframework.web.method.annotation.MethodArgumentTypeMismatchException: Failed to convert value of type 'java.lang.String' to required type 'long'; nested exception is java.lang.NumberFormatException: For input string: "ap"]
2023-03-11 11:41:45,805 WARN org.springframework.web.servlet.handler.AbstractHandlerExceptionResolver [http-nio-8080-exec-8] Resolved [org.springframework.web.method.annotation.MethodArgumentTypeMismatchException: Failed to convert value of type 'java.lang.String' to required type 'long'; nested exception is java.lang.NumberFormatException: For input string: "app"]
2023-03-11 11:41:46,208 WARN org.springframework.web.servlet.handler.AbstractHandlerExceptionResolver [http-nio-8080-exec-9] Resolved [org.springframework.web.method.annotation.MethodArgumentTypeMismatchException: Failed to convert value of type 'java.lang.String' to required type 'long'; nested exception is java.lang.NumberFormatException: For input string: "appl"]
2023-03-11 11:43:26,766 INFO com.wdm.controller.ProductController [http-nio-8080-exec-2]  getAllproduct product :
2023-03-11 11:43:26,896 INFO com.wdm.controller.ProductController [http-nio-8080-exec-1]  getAllproduct product :
2023-03-11 11:43:48,405 INFO com.wdm.controller.ProductController [http-nio-8080-exec-3]  getAllproduct product :
2023-03-11 11:43:48,519 INFO com.wdm.controller.ProductController [http-nio-8080-exec-4]  getAllproduct product :
2023-03-11 11:43:50,829 WARN org.springframework.web.servlet.handler.AbstractHandlerExceptionResolver [http-nio-8080-exec-6] Resolved [org.springframework.web.method.annotation.MethodArgumentTypeMismatchException: Failed to convert value of type 'java.lang.String' to required type 'long'; nested exception is java.lang.NumberFormatException: For input string: "undefined"]
2023-03-11 11:44:22,074 INFO com.wdm.controller.ProductController [http-nio-8080-exec-7]  getAllproduct product :
2023-03-11 11:44:22,234 INFO com.wdm.controller.ProductController [http-nio-8080-exec-8]  getAllproduct product :
2023-03-11 11:44:29,778 INFO com.wdm.controller.ProductController [http-nio-8080-exec-10]  getAllproduct product :
2023-03-11 11:45:31,653 INFO com.wdm.controller.ProductController [http-nio-8080-exec-2]  getAllproduct product :
2023-03-11 11:45:34,376 INFO com.wdm.controller.ProductController [http-nio-8080-exec-1]  getAllproduct product :
2023-03-11 11:45:38,221 INFO com.wdm.controller.ProductController [http-nio-8080-exec-4]  getAllproduct product :
2023-03-11 11:45:43,893 INFO com.wdm.controller.ProductController [http-nio-8080-exec-5]  getAllproduct product :
2023-03-11 11:45:51,921 INFO com.wdm.controller.ProductController [http-nio-8080-exec-6]  getAllproduct product :
2023-03-11 11:45:52,247 INFO com.wdm.controller.ProductController [http-nio-8080-exec-7]  getAllproduct product :
2023-03-11 11:46:09,999 WARN org.springframework.web.servlet.handler.AbstractHandlerExceptionResolver [http-nio-8080-exec-10] Resolved [org.springframework.web.method.annotation.MethodArgumentTypeMismatchException: Failed to convert value of type 'java.lang.String' to required type 'long'; nested exception is java.lang.NumberFormatException: For input string: "c"]
2023-03-11 11:46:13,356 INFO com.wdm.controller.ProductController [http-nio-8080-exec-9]  getAllproduct product :
2023-03-11 11:46:13,502 INFO com.wdm.controller.ProductController [http-nio-8080-exec-2]  getAllproduct product :
2023-03-11 11:46:16,055 INFO com.wdm.controller.ProductController [http-nio-8080-exec-1]  getAllproduct product :
2023-03-11 11:46:19,115 WARN org.springframework.web.servlet.handler.AbstractHandlerExceptionResolver [http-nio-8080-exec-3] Resolved [org.springframework.web.method.annotation.MethodArgumentTypeMismatchException: Failed to convert value of type 'java.lang.String' to required type 'long'; nested exception is java.lang.NumberFormatException: For input string: "s"]
2023-03-11 11:46:28,149 WARN org.springframework.web.servlet.handler.AbstractHandlerExceptionResolver [http-nio-8080-exec-5] Resolved [org.springframework.web.method.annotation.MethodArgumentTypeMismatchException: Failed to convert value of type 'java.lang.String' to required type 'long'; nested exception is java.lang.NumberFormatException: For input string: "sd"]
2023-03-11 11:46:28,817 INFO com.wdm.controller.ProductController [http-nio-8080-exec-6]  getAllproduct product :
2023-03-11 11:47:00,367 WARN org.springframework.web.servlet.handler.AbstractHandlerExceptionResolver [http-nio-8080-exec-7] Resolved [org.springframework.web.method.annotation.MethodArgumentTypeMismatchException: Failed to convert value of type 'java.lang.String' to required type 'long'; nested exception is java.lang.NumberFormatException: For input string: "a"]
2023-03-11 11:48:09,150 INFO com.wdm.controller.ProductController [http-nio-8080-exec-8]  getAllproduct product :
2023-03-11 11:48:09,338 WARN org.springframework.web.servlet.handler.AbstractHandlerExceptionResolver [http-nio-8080-exec-9] Resolved [org.springframework.web.method.annotation.MethodArgumentTypeMismatchException: Failed to convert value of type 'java.lang.String' to required type 'long'; nested exception is java.lang.NumberFormatException: For input string: "d"]
2023-03-11 11:48:09,520 WARN org.springframework.web.servlet.handler.AbstractHandlerExceptionResolver [http-nio-8080-exec-1] Resolved [org.springframework.web.method.annotation.MethodArgumentTypeMismatchException: Failed to convert value of type 'java.lang.String' to required type 'long'; nested exception is java.lang.NumberFormatException: For input string: "dc"]
2023-03-11 11:48:09,721 WARN org.springframework.web.servlet.handler.AbstractHandlerExceptionResolver [http-nio-8080-exec-4] Resolved [org.springframework.web.method.annotation.MethodArgumentTypeMismatchException: Failed to convert value of type 'java.lang.String' to required type 'long'; nested exception is java.lang.NumberFormatException: For input string: "dcd"]
2023-03-11 11:48:09,911 WARN org.springframework.web.servlet.handler.AbstractHandlerExceptionResolver [http-nio-8080-exec-6] Resolved [org.springframework.web.method.annotation.MethodArgumentTypeMismatchException: Failed to convert value of type 'java.lang.String' to required type 'long'; nested exception is java.lang.NumberFormatException: For input string: "dcdc"]
2023-03-11 11:48:22,406 WARN org.springframework.web.servlet.handler.AbstractHandlerExceptionResolver [http-nio-8080-exec-8] Resolved [org.springframework.web.method.annotation.MethodArgumentTypeMismatchException: Failed to convert value of type 'java.lang.String' to required type 'long'; nested exception is java.lang.NumberFormatException: For input string: "dcdcd"]
2023-03-11 11:48:22,564 WARN org.springframework.web.servlet.handler.AbstractHandlerExceptionResolver [http-nio-8080-exec-10] Resolved [org.springframework.web.method.annotation.MethodArgumentTypeMismatchException: Failed to convert value of type 'java.lang.String' to required type 'long'; nested exception is java.lang.NumberFormatException: For input string: "d"]
2023-03-11 11:48:22,727 WARN org.springframework.web.servlet.handler.AbstractHandlerExceptionResolver [http-nio-8080-exec-9] Resolved [org.springframework.web.method.annotation.MethodArgumentTypeMismatchException: Failed to convert value of type 'java.lang.String' to required type 'long'; nested exception is java.lang.NumberFormatException: For input string: "dc"]
2023-03-11 11:48:22,892 WARN org.springframework.web.servlet.handler.AbstractHandlerExceptionResolver [http-nio-8080-exec-2] Resolved [org.springframework.web.method.annotation.MethodArgumentTypeMismatchException: Failed to convert value of type 'java.lang.String' to required type 'long'; nested exception is java.lang.NumberFormatException: For input string: "dcd"]
2023-03-11 11:48:23,002 WARN org.springframework.web.servlet.handler.AbstractHandlerExceptionResolver [http-nio-8080-exec-1] Resolved [org.springframework.web.method.annotation.MethodArgumentTypeMismatchException: Failed to convert value of type 'java.lang.String' to required type 'long'; nested exception is java.lang.NumberFormatException: For input string: "dcdc"]
2023-03-11 11:48:25,967 INFO com.wdm.controller.ProductController [http-nio-8080-exec-3]  getAllproduct product :
2023-03-11 11:48:26,057 INFO com.wdm.controller.ProductController [http-nio-8080-exec-4]  getAllproduct product :
2023-03-11 11:48:27,183 INFO com.wdm.controller.ProductController [http-nio-8080-exec-5]  getAllproduct product :
2023-03-11 11:48:27,307 WARN org.springframework.web.servlet.handler.AbstractHandlerExceptionResolver [http-nio-8080-exec-6] Resolved [org.springframework.web.method.annotation.MethodArgumentTypeMismatchException: Failed to convert value of type 'java.lang.String' to required type 'long'; nested exception is java.lang.NumberFormatException: For input string: "d"]
2023-03-11 11:48:27,491 WARN org.springframework.web.servlet.handler.AbstractHandlerExceptionResolver [http-nio-8080-exec-7] Resolved [org.springframework.web.method.annotation.MethodArgumentTypeMismatchException: Failed to convert value of type 'java.lang.String' to required type 'long'; nested exception is java.lang.NumberFormatException: For input string: "dc"]
2023-03-11 11:48:27,599 WARN org.springframework.web.servlet.handler.AbstractHandlerExceptionResolver [http-nio-8080-exec-8] Resolved [org.springframework.web.method.annotation.MethodArgumentTypeMismatchException: Failed to convert value of type 'java.lang.String' to required type 'long'; nested exception is java.lang.NumberFormatException: For input string: "dcd"]
2023-03-11 11:48:27,727 WARN org.springframework.web.servlet.handler.AbstractHandlerExceptionResolver [http-nio-8080-exec-10] Resolved [org.springframework.web.method.annotation.MethodArgumentTypeMismatchException: Failed to convert value of type 'java.lang.String' to required type 'long'; nested exception is java.lang.NumberFormatException: For input string: "dcdc"]
2023-03-11 11:48:27,864 WARN org.springframework.web.servlet.handler.AbstractHandlerExceptionResolver [http-nio-8080-exec-9] Resolved [org.springframework.web.method.annotation.MethodArgumentTypeMismatchException: Failed to convert value of type 'java.lang.String' to required type 'long'; nested exception is java.lang.NumberFormatException: For input string: "dcdcd"]
2023-03-11 11:48:30,098 INFO com.wdm.controller.ProductController [http-nio-8080-exec-2]  getAllproduct product :
2023-03-11 11:48:30,194 INFO com.wdm.controller.ProductController [http-nio-8080-exec-1]  getAllproduct product :
2023-03-11 11:56:35,610 INFO com.wdm.controller.ProductController [http-nio-8080-exec-4]  getAllproduct product :
2023-03-11 11:56:41,637 INFO com.wdm.controller.ProductController [http-nio-8080-exec-5]  getAllproduct product :
2023-03-11 11:56:41,735 INFO com.wdm.controller.ProductController [http-nio-8080-exec-6]  getAllproduct product :
2023-03-11 12:01:57,579 INFO com.wdm.controller.ProductController [http-nio-8080-exec-10]  getAllproduct product :
2023-03-11 12:04:05,570 INFO com.wdm.controller.ProductController [http-nio-8080-exec-2]  getAllproduct product :
2023-03-11 12:04:47,950 INFO com.wdm.controller.ProductController [http-nio-8080-exec-1]  getAllproduct product :
2023-03-11 12:04:51,344 INFO com.wdm.controller.ProductController [http-nio-8080-exec-3]  getAllproduct product :
2023-03-11 12:04:51,437 INFO com.wdm.controller.ProductController [http-nio-8080-exec-4]  getAllproduct product :
2023-03-11 12:04:57,829 INFO com.wdm.controller.ProductController [http-nio-8080-exec-5]  getAllproduct product :
2023-03-11 12:05:00,946 INFO com.wdm.controller.ProductController [http-nio-8080-exec-6]  getAllproduct product :
2023-03-11 12:05:11,369 INFO com.wdm.controller.ProductController [http-nio-8080-exec-8]  getAllproduct product :
2023-03-11 12:05:13,287 INFO com.wdm.controller.ProductController [http-nio-8080-exec-7]  getAllproduct product :
2023-03-11 12:05:18,145 INFO com.wdm.controller.ProductController [http-nio-8080-exec-10]  getAllproduct product :
2023-03-11 12:05:20,465 INFO com.wdm.controller.ProductController [http-nio-8080-exec-9]  getAllproduct product :
2023-03-11 14:30:23,723 WARN com.zaxxer.hikari.pool.HikariPool$HouseKeeper [HikariPool-1 housekeeper] HikariPool-1 - Thread starvation or clock leap detected (housekeeper delta=1h40s39ms540µs500ns).
2023-03-11 15:27:48,686 INFO org.hibernate.validator.internal.util.Version [background-preinit] HV000001: Hibernate Validator 6.2.5.Final
2023-03-11 15:27:48,697 INFO org.springframework.boot.StartupInfoLogger [restartedMain] Starting SupermarketMappingApplication using Java 17.0.4.1 on DESKTOP-K8IL69S with PID 856 (C:\Users\admin\Documents\workspace-spring-tool-suite-4-4.16.1.RELEASE\prakash\supermarket-mapping\target\classes started by admin in C:\Users\admin\Documents\workspace-spring-tool-suite-4-4.16.1.RELEASE\prakash\supermarket-mapping)
2023-03-11 15:27:48,699 INFO org.springframework.boot.SpringApplication [restartedMain] No active profile set, falling back to 1 default profile: "default"
2023-03-11 15:27:48,809 INFO org.springframework.boot.logging.DeferredLog [restartedMain] Devtools property defaults active! Set 'spring.devtools.add-properties' to 'false' to disable
2023-03-11 15:27:48,810 INFO org.springframework.boot.logging.DeferredLog [restartedMain] For additional web related logging consider setting the 'logging.level.web' property to 'DEBUG'
2023-03-11 15:27:50,361 INFO org.springframework.data.repository.config.RepositoryConfigurationDelegate [restartedMain] Bootstrapping Spring Data JPA repositories in DEFAULT mode.
2023-03-11 15:27:50,491 INFO org.springframework.data.repository.config.RepositoryConfigurationDelegate [restartedMain] Finished Spring Data repository scanning in 113 ms. Found 9 JPA repository interfaces.
2023-03-11 15:27:51,313 INFO org.springframework.boot.web.embedded.tomcat.TomcatWebServer [restartedMain] Tomcat initialized with port(s): 8080 (http)
2023-03-11 15:27:51,331 INFO org.apache.juli.logging.DirectJDKLog [restartedMain] Initializing ProtocolHandler ["http-nio-8080"]
2023-03-11 15:27:51,332 INFO org.apache.juli.logging.DirectJDKLog [restartedMain] Starting service [Tomcat]
2023-03-11 15:27:51,332 INFO org.apache.juli.logging.DirectJDKLog [restartedMain] Starting Servlet engine: [Apache Tomcat/9.0.70]
2023-03-11 15:27:51,469 INFO org.apache.juli.logging.DirectJDKLog [restartedMain] Initializing Spring embedded WebApplicationContext
2023-03-11 15:27:51,470 INFO org.springframework.boot.web.servlet.context.ServletWebServerApplicationContext [restartedMain] Root WebApplicationContext: initialization completed in 2659 ms
2023-03-11 15:27:51,681 INFO org.hibernate.jpa.internal.util.LogHelper [restartedMain] HHH000204: Processing PersistenceUnitInfo [name: default]
2023-03-11 15:27:51,771 INFO org.hibernate.Version [restartedMain] HHH000412: Hibernate ORM core version 5.6.14.Final
2023-03-11 15:27:52,008 INFO org.hibernate.annotations.common.reflection.java.JavaReflectionManager [restartedMain] HCANN000001: Hibernate Commons Annotations {5.1.2.Final}
2023-03-11 15:27:52,187 INFO com.zaxxer.hikari.HikariDataSource [restartedMain] HikariPool-1 - Starting...
2023-03-11 15:27:52,196 WARN com.zaxxer.hikari.util.DriverDataSource [restartedMain] Registered driver with driverClassName=com.mysql.jdbc.Driver was not found, trying direct instantiation.
2023-03-11 15:27:52,630 INFO com.zaxxer.hikari.HikariDataSource [restartedMain] HikariPool-1 - Start completed.
2023-03-11 15:27:52,682 INFO org.hibernate.dialect.Dialect [restartedMain] HHH000400: Using dialect: org.hibernate.dialect.MySQL8Dialect
2023-03-11 15:27:53,936 INFO org.hibernate.engine.transaction.jta.platform.internal.JtaPlatformInitiator [restartedMain] HHH000490: Using JtaPlatform implementation: [org.hibernate.engine.transaction.jta.platform.internal.NoJtaPlatform]
2023-03-11 15:27:53,949 INFO org.springframework.orm.jpa.AbstractEntityManagerFactoryBean [restartedMain] Initialized JPA EntityManagerFactory for persistence unit 'default'
2023-03-11 15:27:54,933 WARN org.springframework.boot.autoconfigure.orm.jpa.JpaBaseConfiguration$JpaWebConfiguration [restartedMain] spring.jpa.open-in-view is enabled by default. Therefore, database queries may be performed during view rendering. Explicitly configure spring.jpa.open-in-view to disable this warning
2023-03-11 15:27:54,972 INFO org.springframework.boot.autoconfigure.web.servlet.WelcomePageHandlerMapping [restartedMain] Adding welcome page: class path resource [static/index.html]
2023-03-11 15:27:55,765 INFO org.springframework.security.web.DefaultSecurityFilterChain [restartedMain] Will secure any request with [org.springframework.security.web.session.DisableEncodeUrlFilter@4ba64571, org.springframework.security.web.context.request.async.WebAsyncManagerIntegrationFilter@235caf6b, org.springframework.security.web.context.SecurityContextPersistenceFilter@a216b03, org.springframework.security.web.header.HeaderWriterFilter@7cc7c9f6, org.springframework.web.filter.CorsFilter@7b3faeea, org.springframework.security.web.authentication.logout.LogoutFilter@7d2e9394, com.wdm.security.jwt.AuthTokenFilter@731eff4b, org.springframework.security.web.savedrequest.RequestCacheAwareFilter@6d7f994f, org.springframework.security.web.servletapi.SecurityContextHolderAwareRequestFilter@75376f15, org.springframework.security.web.authentication.AnonymousAuthenticationFilter@4b91aca, org.springframework.security.web.session.SessionManagementFilter@6c227f10, org.springframework.security.web.access.ExceptionTranslationFilter@5527782f, org.springframework.security.web.access.intercept.FilterSecurityInterceptor@9f15286]
2023-03-11 15:27:56,115 INFO org.springframework.boot.devtools.autoconfigure.OptionalLiveReloadServer [restartedMain] LiveReload server is running on port 35729
2023-03-11 15:27:56,148 INFO org.apache.juli.logging.DirectJDKLog [restartedMain] Starting ProtocolHandler ["http-nio-8080"]
2023-03-11 15:27:56,181 INFO org.springframework.boot.web.embedded.tomcat.TomcatWebServer [restartedMain] Tomcat started on port(s): 8080 (http) with context path ''
2023-03-11 15:27:56,196 INFO org.springframework.boot.StartupInfoLogger [restartedMain] Started SupermarketMappingApplication in 8.145 seconds (JVM running for 9.868)
2023-03-11 15:29:51,180 INFO org.apache.juli.logging.DirectJDKLog [http-nio-8080-exec-1] Initializing Spring DispatcherServlet 'dispatcherServlet'
2023-03-11 15:29:51,181 INFO org.springframework.web.servlet.FrameworkServlet [http-nio-8080-exec-1] Initializing Servlet 'dispatcherServlet'
2023-03-11 15:29:51,183 INFO org.springframework.web.servlet.FrameworkServlet [http-nio-8080-exec-1] Completed initialization in 2 ms
2023-03-11 15:29:51,895 INFO com.wdm.controller.ProductController [http-nio-8080-exec-3]  getAllproduct product :
2023-03-11 15:29:52,200 INFO com.wdm.controller.ProductController [http-nio-8080-exec-4]  getAllproduct product :
2023-03-11 16:03:35,727 INFO com.wdm.controller.ProductController [http-nio-8080-exec-9]  getAllproduct product :
2023-03-11 16:05:02,002 INFO com.wdm.controller.ProductController [http-nio-8080-exec-10]  getAllproduct product :
2023-03-11 16:05:11,740 INFO com.wdm.controller.ProductController [http-nio-8080-exec-2]  getAllproduct product :
2023-03-11 16:05:35,636 INFO com.wdm.controller.ProductController [http-nio-8080-exec-1]  getAllproduct product :
2023-03-11 16:05:54,942 INFO com.wdm.controller.ProductController [http-nio-8080-exec-3]  getAllproduct product :
2023-03-11 16:06:03,863 INFO com.wdm.controller.ProductController [http-nio-8080-exec-4]  getAllproduct product :
2023-03-11 16:06:10,149 INFO com.wdm.controller.ProductController [http-nio-8080-exec-5]  getAllproduct product :
2023-03-11 16:06:30,211 INFO com.wdm.controller.ProductController [http-nio-8080-exec-6]  getAllproduct product :
2023-03-11 16:10:17,015 INFO com.wdm.controller.ProductController [http-nio-8080-exec-9]  getAllproduct product :
2023-03-11 16:10:17,114 INFO com.wdm.controller.ProductController [http-nio-8080-exec-8]  getAllproduct product :
2023-03-11 16:11:23,148 ERROR com.wdm.security.jwt.AuthEntryPointJwt [http-nio-8080-exec-2] Unauthorized error: Full authentication is required to access this resource
2023-03-11 16:11:23,315 ERROR com.wdm.security.jwt.AuthEntryPointJwt [http-nio-8080-exec-1] Unauthorized error: Full authentication is required to access this resource
2023-03-11 16:35:23,478 INFO com.wdm.controller.ProductController [http-nio-8080-exec-7]  getAllproduct product :
2023-03-11 16:35:23,619 INFO com.wdm.controller.ProductController [http-nio-8080-exec-9]  getAllproduct product :
2023-03-11 16:35:38,887 INFO com.wdm.controller.ProductController [http-nio-8080-exec-8]  getAllproduct product :
2023-03-11 16:35:38,979 INFO com.wdm.controller.ProductController [http-nio-8080-exec-10]  getAllproduct product :
2023-03-11 16:35:45,674 INFO com.wdm.controller.ProductController [http-nio-8080-exec-2]  getAllproduct product :
2023-03-11 16:35:45,777 INFO com.wdm.controller.ProductController [http-nio-8080-exec-2]  getAllproduct product :
2023-03-11 16:42:18,934 INFO com.wdm.controller.ProductController [http-nio-8080-exec-5]  getAllproduct product :
2023-03-11 16:42:19,028 INFO com.wdm.controller.ProductController [http-nio-8080-exec-6]  getAllproduct product :
2023-03-11 16:42:30,263 INFO com.wdm.controller.ProductController [http-nio-8080-exec-7]  getAllproduct product :
2023-03-11 16:42:30,354 INFO com.wdm.controller.ProductController [http-nio-8080-exec-9]  getAllproduct product :
2023-03-11 16:43:03,299 INFO com.wdm.controller.ProductController [http-nio-8080-exec-8]  getAllproduct product :
2023-03-11 16:43:12,804 INFO com.wdm.controller.ProductController [http-nio-8080-exec-10]  getAllproduct product :
2023-03-11 16:43:16,865 INFO com.wdm.controller.ProductController [http-nio-8080-exec-1]  getAllproduct product :
2023-03-11 16:43:16,948 INFO com.wdm.controller.ProductController [http-nio-8080-exec-2]  getAllproduct product :
2023-03-11 16:43:59,790 INFO com.wdm.controller.ProductController [http-nio-8080-exec-3]  getAllproduct product :
2023-03-11 16:44:08,116 INFO com.wdm.controller.ProductController [http-nio-8080-exec-4]  getAllproduct product :
2023-03-11 16:44:59,687 INFO com.wdm.controller.ProductController [http-nio-8080-exec-6]  getAllproduct product :
2023-03-11 16:45:13,307 INFO com.wdm.controller.ProductController [http-nio-8080-exec-7]  getAllproduct product :
2023-03-11 16:45:28,269 INFO com.wdm.controller.ProductController [http-nio-8080-exec-9]  getAllproduct product :
2023-03-11 16:45:30,642 INFO com.wdm.controller.ProductController [http-nio-8080-exec-8]  getAllproduct product :
2023-03-11 16:45:36,246 INFO com.wdm.controller.ProductController [http-nio-8080-exec-10]  getAllproduct product :
2023-03-11 16:46:04,313 INFO com.wdm.controller.ProductController [http-nio-8080-exec-1]  getAllproduct product :
2023-03-11 16:46:18,332 INFO com.wdm.controller.ProductController [http-nio-8080-exec-3]  getAllproduct product :
2023-03-11 16:46:20,451 INFO com.wdm.controller.ProductController [http-nio-8080-exec-4]  getAllproduct product :
2023-03-11 16:46:23,257 INFO com.wdm.controller.ProductController [http-nio-8080-exec-5]  getAllproduct product :
2023-03-11 16:46:26,242 INFO com.wdm.controller.ProductController [http-nio-8080-exec-6]  getAllproduct product :
2023-03-11 16:46:29,229 INFO com.wdm.controller.ProductController [http-nio-8080-exec-7]  getAllproduct product :
2023-03-11 16:48:02,817 INFO com.wdm.controller.ProductController [http-nio-8080-exec-8]  getAllproduct product :
2023-03-11 16:48:02,896 INFO com.wdm.controller.ProductController [http-nio-8080-exec-10]  getAllproduct product :
2023-03-11 16:48:14,365 INFO com.wdm.controller.ProductController [http-nio-8080-exec-3]  getAllproduct product :
2023-03-11 16:48:34,372 INFO com.wdm.controller.ProductController [http-nio-8080-exec-5]  getAllproduct product :
2023-03-11 16:48:40,677 INFO com.wdm.controller.ProductController [http-nio-8080-exec-6]  getAllproduct product :
2023-03-11 16:48:47,548 INFO com.wdm.controller.ProductController [http-nio-8080-exec-9]  getAllproduct product :
2023-03-11 16:48:54,813 INFO com.wdm.controller.ProductController [http-nio-8080-exec-10]  getAllproduct product :
2023-03-11 16:49:11,452 INFO com.wdm.controller.ProductController [http-nio-8080-exec-1]  getAllproduct product :
2023-03-11 16:49:27,316 INFO com.wdm.controller.ProductController [http-nio-8080-exec-4]  getAllproduct product :
2023-03-11 16:49:33,384 INFO com.wdm.controller.ProductController [http-nio-8080-exec-6]  getAllproduct product :
2023-03-11 16:49:36,337 INFO com.wdm.controller.ProductController [http-nio-8080-exec-7]  getAllproduct product :
2023-03-11 16:49:41,410 INFO com.wdm.controller.ProductController [http-nio-8080-exec-9]  getAllproduct product :
2023-03-11 16:50:08,972 INFO com.wdm.controller.ProductController [http-nio-8080-exec-10]  getAllproduct product :
2023-03-11 16:50:17,349 INFO com.wdm.controller.ProductController [http-nio-8080-exec-1]  getAllproduct product :
2023-03-11 16:50:20,382 INFO com.wdm.controller.ProductController [http-nio-8080-exec-3]  getAllproduct product :
2023-03-11 16:56:14,539 INFO com.wdm.controller.ProductController [http-nio-8080-exec-5]  getAllproduct product :
2023-03-11 16:56:21,393 INFO com.wdm.controller.ProductController [http-nio-8080-exec-6]  getAllproduct product :
2023-03-11 16:56:56,246 INFO com.wdm.controller.ProductController [http-nio-8080-exec-9]  getAllproduct product :
2023-03-11 16:56:56,328 INFO com.wdm.controller.ProductController [http-nio-8080-exec-8]  getAllproduct product :
2023-03-11 16:57:04,376 INFO com.wdm.controller.ProductController [http-nio-8080-exec-2]  getAllproduct product :
2023-03-11 16:57:12,445 INFO com.wdm.controller.ProductController [http-nio-8080-exec-1]  getAllproduct product :
2023-03-11 16:57:16,547 INFO com.wdm.controller.ProductController [http-nio-8080-exec-4]  getAllproduct product :
2023-03-11 16:57:22,370 INFO com.wdm.controller.ProductController [http-nio-8080-exec-6]  getAllproduct product :
2023-03-11 16:57:24,320 INFO com.wdm.controller.ProductController [http-nio-8080-exec-7]  getAllproduct product :
2023-03-11 16:59:29,200 INFO com.wdm.controller.ProductController [http-nio-8080-exec-8]  getAllproduct product :
2023-03-11 16:59:29,294 INFO com.wdm.controller.ProductController [http-nio-8080-exec-10]  getAllproduct product :
2023-03-11 17:02:53,841 INFO com.wdm.controller.ProductController [http-nio-8080-exec-1]  getAllproduct product :
2023-03-11 17:04:42,731 INFO com.wdm.controller.ProductController [http-nio-8080-exec-4]  getAllproduct product :
2023-03-11 17:04:46,903 INFO com.wdm.controller.ProductController [http-nio-8080-exec-5]  getAllproduct product :
2023-03-11 17:04:47,520 INFO com.wdm.controller.ProductController [http-nio-8080-exec-6]  getAllproduct product :
2023-03-11 17:04:58,260 INFO com.wdm.controller.ProductController [http-nio-8080-exec-7]  getAllproduct product :
2023-03-11 17:04:58,352 INFO com.wdm.controller.ProductController [http-nio-8080-exec-9]  getAllproduct product :
2023-03-11 17:34:52,084 INFO com.wdm.controller.ProductController [http-nio-8080-exec-3]  getAllproduct product :
2023-03-11 17:34:52,241 INFO com.wdm.controller.ProductController [http-nio-8080-exec-4]  getAllproduct product :
2023-03-11 17:35:51,183 INFO com.wdm.controller.ProductController [http-nio-8080-exec-7]  getAllproduct product :
2023-03-11 17:35:51,296 INFO com.wdm.controller.ProductController [http-nio-8080-exec-9]  getAllproduct product :
2023-03-11 17:35:59,070 INFO com.wdm.controller.ProductController [http-nio-8080-exec-8]  getAllproduct product :
2023-03-11 17:35:59,194 INFO com.wdm.controller.ProductController [http-nio-8080-exec-10]  getAllproduct product :
2023-03-11 17:37:01,320 INFO com.wdm.controller.ProductController [http-nio-8080-exec-2]  getAllproduct product :
2023-03-11 17:37:01,439 INFO com.wdm.controller.ProductController [http-nio-8080-exec-3]  getAllproduct product :
2023-03-11 17:40:11,863 INFO com.wdm.controller.ProductController [http-nio-8080-exec-6]  getAllproduct product :
2023-03-11 17:40:11,940 INFO com.wdm.controller.ProductController [http-nio-8080-exec-7]  getAllproduct product :
2023-03-11 18:35:58,204 ERROR com.wdm.security.jwt.AuthEntryPointJwt [http-nio-8080-exec-10] Unauthorized error: Full authentication is required to access this resource
2023-03-11 18:35:58,421 ERROR com.wdm.security.jwt.AuthEntryPointJwt [http-nio-8080-exec-1] Unauthorized error: Full authentication is required to access this resource
2023-03-11 18:44:31,183 INFO org.springframework.boot.admin.SpringApplicationAdminMXBeanRegistrar$SpringApplicationAdmin [RMI TCP Connection(201)-127.0.0.1] Application shutdown requested.
2023-03-11 18:44:31,225 INFO org.apache.juli.logging.DirectJDKLog [RMI TCP Connection(201)-127.0.0.1] Pausing ProtocolHandler ["http-nio-8080"]
2023-03-11 18:44:31,226 INFO org.apache.juli.logging.DirectJDKLog [RMI TCP Connection(201)-127.0.0.1] Stopping service [Tomcat]
2023-03-11 18:44:31,233 INFO org.apache.juli.logging.DirectJDKLog [RMI TCP Connection(201)-127.0.0.1] Destroying Spring FrameworkServlet 'dispatcherServlet'
2023-03-11 18:44:31,245 WARN org.apache.juli.logging.DirectJDKLog [RMI TCP Connection(201)-127.0.0.1] The web application [ROOT] appears to have started a thread named [HikariPool-1 housekeeper] but has failed to stop it. This is very likely to create a memory leak. Stack trace of thread:
 java.base@17.0.4.1/jdk.internal.misc.Unsafe.park(Native Method)
 java.base@17.0.4.1/java.util.concurrent.locks.LockSupport.parkNanos(LockSupport.java:252)
 java.base@17.0.4.1/java.util.concurrent.locks.AbstractQueuedSynchronizer$ConditionObject.awaitNanos(AbstractQueuedSynchronizer.java:1672)
 java.base@17.0.4.1/java.util.concurrent.ScheduledThreadPoolExecutor$DelayedWorkQueue.take(ScheduledThreadPoolExecutor.java:1182)
 java.base@17.0.4.1/java.util.concurrent.ScheduledThreadPoolExecutor$DelayedWorkQueue.take(ScheduledThreadPoolExecutor.java:899)
 java.base@17.0.4.1/java.util.concurrent.ThreadPoolExecutor.getTask(ThreadPoolExecutor.java:1062)
 java.base@17.0.4.1/java.util.concurrent.ThreadPoolExecutor.runWorker(ThreadPoolExecutor.java:1122)
 java.base@17.0.4.1/java.util.concurrent.ThreadPoolExecutor$Worker.run(ThreadPoolExecutor.java:635)
 java.base@17.0.4.1/java.lang.Thread.run(Thread.java:833)
2023-03-11 18:44:31,246 INFO org.apache.juli.logging.DirectJDKLog [RMI TCP Connection(201)-127.0.0.1] Stopping ProtocolHandler ["http-nio-8080"]
2023-03-11 18:44:31,252 INFO org.apache.juli.logging.DirectJDKLog [RMI TCP Connection(201)-127.0.0.1] Destroying ProtocolHandler ["http-nio-8080"]
2023-03-11 18:44:31,278 INFO org.springframework.orm.jpa.AbstractEntityManagerFactoryBean [RMI TCP Connection(201)-127.0.0.1] Closing JPA EntityManagerFactory for persistence unit 'default'
2023-03-11 18:44:31,287 INFO com.zaxxer.hikari.HikariDataSource [RMI TCP Connection(201)-127.0.0.1] HikariPool-1 - Shutdown initiated...
2023-03-11 18:44:31,300 INFO com.zaxxer.hikari.HikariDataSource [RMI TCP Connection(201)-127.0.0.1] HikariPool-1 - Shutdown completed.
