2023-04-18 09:14:31,343 INFO org.springframework.boot.StartupInfoLogger [restartedMain] Starting SupermarketMappingApplication using Java 17.0.4.1 on DESKTOP-K8IL69S with PID 6528 (C:\Users\admin\Documents\workspace-spring-tool-suite-4-4.16.1.RELEASE\prakash\supermarket-mapping\target\classes started by admin in C:\Users\admin\Documents\workspace-spring-tool-suite-4-4.16.1.RELEASE\prakash\supermarket-mapping)
2023-04-18 09:14:31,343 INFO org.hibernate.validator.internal.util.Version [background-preinit] HV000001: Hibernate Validator 6.2.5.Final
2023-04-18 09:14:31,350 INFO org.springframework.boot.SpringApplication [restartedMain] No active profile set, falling back to 1 default profile: "default"
2023-04-18 09:14:31,543 INFO org.springframework.boot.logging.DeferredLog [restartedMain] Devtools property defaults active! Set 'spring.devtools.add-properties' to 'false' to disable
2023-04-18 09:14:31,546 INFO org.springframework.boot.logging.DeferredLog [restartedMain] For additional web related logging consider setting the 'logging.level.web' property to 'DEBUG'
2023-04-18 09:14:34,567 INFO org.springframework.data.repository.config.RepositoryConfigurationDelegate [restartedMain] Bootstrapping Spring Data JPA repositories in DEFAULT mode.
2023-04-18 09:14:34,790 INFO org.springframework.data.repository.config.RepositoryConfigurationDelegate [restartedMain] Finished Spring Data repository scanning in 192 ms. Found 10 JPA repository interfaces.
2023-04-18 09:14:36,512 INFO org.springframework.boot.web.embedded.tomcat.TomcatWebServer [restartedMain] Tomcat initialized with port(s): 8080 (http)
2023-04-18 09:14:36,543 INFO org.apache.juli.logging.DirectJDKLog [restartedMain] Initializing ProtocolHandler ["http-nio-8080"]
2023-04-18 09:14:36,546 INFO org.apache.juli.logging.DirectJDKLog [restartedMain] Starting service [Tomcat]
2023-04-18 09:14:36,547 INFO org.apache.juli.logging.DirectJDKLog [restartedMain] Starting Servlet engine: [Apache Tomcat/9.0.70]
2023-04-18 09:14:36,786 INFO org.apache.juli.logging.DirectJDKLog [restartedMain] Initializing Spring embedded WebApplicationContext
2023-04-18 09:14:36,787 INFO org.springframework.boot.web.servlet.context.ServletWebServerApplicationContext [restartedMain] Root WebApplicationContext: initialization completed in 5237 ms
2023-04-18 09:14:37,447 INFO org.hibernate.jpa.internal.util.LogHelper [restartedMain] HHH000204: Processing PersistenceUnitInfo [name: default]
2023-04-18 09:14:37,636 INFO org.hibernate.Version [restartedMain] HHH000412: Hibernate ORM core version 5.6.14.Final
2023-04-18 09:14:38,110 INFO org.hibernate.annotations.common.reflection.java.JavaReflectionManager [restartedMain] HCANN000001: Hibernate Commons Annotations {5.1.2.Final}
2023-04-18 09:14:38,510 INFO com.zaxxer.hikari.HikariDataSource [restartedMain] HikariPool-1 - Starting...
2023-04-18 09:14:38,530 WARN com.zaxxer.hikari.util.DriverDataSource [restartedMain] Registered driver with driverClassName=com.mysql.jdbc.Driver was not found, trying direct instantiation.
2023-04-18 09:14:39,689 INFO com.zaxxer.hikari.HikariDataSource [restartedMain] HikariPool-1 - Start completed.
2023-04-18 09:14:39,886 INFO org.hibernate.dialect.Dialect [restartedMain] HHH000400: Using dialect: org.hibernate.dialect.MySQL8Dialect
2023-04-18 09:14:42,045 INFO org.hibernate.engine.transaction.jta.platform.internal.JtaPlatformInitiator [restartedMain] HHH000490: Using JtaPlatform implementation: [org.hibernate.engine.transaction.jta.platform.internal.NoJtaPlatform]
2023-04-18 09:14:42,067 INFO org.springframework.orm.jpa.AbstractEntityManagerFactoryBean [restartedMain] Initialized JPA EntityManagerFactory for persistence unit 'default'
2023-04-18 09:14:43,971 WARN org.springframework.boot.autoconfigure.orm.jpa.JpaBaseConfiguration$JpaWebConfiguration [restartedMain] spring.jpa.open-in-view is enabled by default. Therefore, database queries may be performed during view rendering. Explicitly configure spring.jpa.open-in-view to disable this warning
2023-04-18 09:14:44,034 INFO org.springframework.boot.autoconfigure.web.servlet.WelcomePageHandlerMapping [restartedMain] Adding welcome page: class path resource [static/index.html]
2023-04-18 09:14:45,941 INFO org.springframework.security.web.DefaultSecurityFilterChain [restartedMain] Will secure any request with [org.springframework.security.web.session.DisableEncodeUrlFilter@689d60c, org.springframework.security.web.context.request.async.WebAsyncManagerIntegrationFilter@2a49dfca, org.springframework.security.web.context.SecurityContextPersistenceFilter@25d7a2ba, org.springframework.security.web.header.HeaderWriterFilter@4d88e918, org.springframework.web.filter.CorsFilter@1b04ae24, org.springframework.security.web.authentication.logout.LogoutFilter@554dda90, com.wdm.security.jwt.AuthTokenFilter@60dac697, org.springframework.security.web.savedrequest.RequestCacheAwareFilter@5e6d6e49, org.springframework.security.web.servletapi.SecurityContextHolderAwareRequestFilter@5ae798e9, org.springframework.security.web.authentication.AnonymousAuthenticationFilter@53eedc61, org.springframework.security.web.session.SessionManagementFilter@4ecd4ea, org.springframework.security.web.access.ExceptionTranslationFilter@2da6c8c6, org.springframework.security.web.access.intercept.FilterSecurityInterceptor@6d5abe17]
2023-04-18 09:14:46,580 INFO org.springframework.boot.devtools.autoconfigure.OptionalLiveReloadServer [restartedMain] LiveReload server is running on port 35729
2023-04-18 09:14:46,608 INFO org.apache.juli.logging.DirectJDKLog [restartedMain] Starting ProtocolHandler ["http-nio-8080"]
2023-04-18 09:14:46,664 INFO org.springframework.boot.web.embedded.tomcat.TomcatWebServer [restartedMain] Tomcat started on port(s): 8080 (http) with context path ''
2023-04-18 09:14:46,696 INFO org.springframework.boot.StartupInfoLogger [restartedMain] Started SupermarketMappingApplication in 16.541 seconds (JVM running for 18.206)
