2023-02-06 16:47:47,443 INFO org.hibernate.validator.internal.util.Version [background-preinit] HV000001: Hibernate Validator 6.2.5.Final
2023-02-06 16:47:47,470 INFO org.springframework.boot.StartupInfoLogger [restartedMain] Starting SupermarketMappingApplication using Java 17.0.4.1 on DESKTOP-K8IL69S with PID 9648 (C:\Users\admin\Documents\workspace-spring-tool-suite-4-4.16.1.RELEASE\prakash\supermarket-mapping\target\classes started by admin in C:\Users\admin\Documents\workspace-spring-tool-suite-4-4.16.1.RELEASE\prakash\supermarket-mapping)
2023-02-06 16:47:47,473 INFO org.springframework.boot.SpringApplication [restartedMain] No active profile set, falling back to 1 default profile: "default"
2023-02-06 16:47:47,656 INFO org.springframework.boot.logging.DeferredLog [restartedMain] Devtools property defaults active! Set 'spring.devtools.add-properties' to 'false' to disable
2023-02-06 16:47:47,659 INFO org.springframework.boot.logging.DeferredLog [restartedMain] For additional web related logging consider setting the 'logging.level.web' property to 'DEBUG'
2023-02-06 16:47:51,768 INFO org.springframework.data.repository.config.RepositoryConfigurationDelegate [restartedMain] Bootstrapping Spring Data JPA repositories in DEFAULT mode.
2023-02-06 16:47:52,014 INFO org.springframework.data.repository.config.RepositoryConfigurationDelegate [restartedMain] Finished Spring Data repository scanning in 221 ms. Found 9 JPA repository interfaces.
2023-02-06 16:47:54,212 INFO org.springframework.boot.web.embedded.tomcat.TomcatWebServer [restartedMain] Tomcat initialized with port(s): 8080 (http)
2023-02-06 16:47:54,259 INFO org.apache.juli.logging.DirectJDKLog [restartedMain] Initializing ProtocolHandler ["http-nio-8080"]
2023-02-06 16:47:54,260 INFO org.apache.juli.logging.DirectJDKLog [restartedMain] Starting service [Tomcat]
2023-02-06 16:47:54,261 INFO org.apache.juli.logging.DirectJDKLog [restartedMain] Starting Servlet engine: [Apache Tomcat/9.0.70]
2023-02-06 16:47:54,710 INFO org.apache.juli.logging.DirectJDKLog [restartedMain] Initializing Spring embedded WebApplicationContext
2023-02-06 16:47:54,713 INFO org.springframework.boot.web.servlet.context.ServletWebServerApplicationContext [restartedMain] Root WebApplicationContext: initialization completed in 7052 ms
2023-02-06 16:47:56,114 INFO org.hibernate.jpa.internal.util.LogHelper [restartedMain] HHH000204: Processing PersistenceUnitInfo [name: default]
2023-02-06 16:47:56,512 INFO org.hibernate.Version [restartedMain] HHH000412: Hibernate ORM core version 5.6.14.Final
2023-02-06 16:47:57,376 INFO org.hibernate.annotations.common.reflection.java.JavaReflectionManager [restartedMain] HCANN000001: Hibernate Commons Annotations {5.1.2.Final}
2023-02-06 16:47:58,118 INFO com.zaxxer.hikari.HikariDataSource [restartedMain] HikariPool-1 - Starting...
2023-02-06 16:47:58,198 WARN com.zaxxer.hikari.util.DriverDataSource [restartedMain] Registered driver with driverClassName=com.mysql.jdbc.Driver was not found, trying direct instantiation.
2023-02-06 16:48:02,398 INFO com.zaxxer.hikari.HikariDataSource [restartedMain] HikariPool-1 - Start completed.
2023-02-06 16:48:02,505 INFO org.hibernate.dialect.Dialect [restartedMain] HHH000400: Using dialect: org.hibernate.dialect.MySQL8Dialect
2023-02-06 16:48:06,705 INFO org.hibernate.engine.transaction.jta.platform.internal.JtaPlatformInitiator [restartedMain] HHH000490: Using JtaPlatform implementation: [org.hibernate.engine.transaction.jta.platform.internal.NoJtaPlatform]
2023-02-06 16:48:06,724 INFO org.springframework.orm.jpa.AbstractEntityManagerFactoryBean [restartedMain] Initialized JPA EntityManagerFactory for persistence unit 'default'
2023-02-06 16:48:09,388 WARN org.springframework.boot.autoconfigure.orm.jpa.JpaBaseConfiguration$JpaWebConfiguration [restartedMain] spring.jpa.open-in-view is enabled by default. Therefore, database queries may be performed during view rendering. Explicitly configure spring.jpa.open-in-view to disable this warning
2023-02-06 16:48:09,854 INFO org.springframework.boot.autoconfigure.web.servlet.WelcomePageHandlerMapping [restartedMain] Adding welcome page: class path resource [static/index.html]
2023-02-06 16:48:12,400 INFO org.springframework.boot.devtools.autoconfigure.OptionalLiveReloadServer [restartedMain] LiveReload server is running on port 35729
2023-02-06 16:48:12,447 INFO org.apache.juli.logging.DirectJDKLog [restartedMain] Starting ProtocolHandler ["http-nio-8080"]
2023-02-06 16:48:12,513 INFO org.springframework.boot.web.embedded.tomcat.TomcatWebServer [restartedMain] Tomcat started on port(s): 8080 (http) with context path ''
2023-02-06 16:48:12,537 INFO org.springframework.boot.StartupInfoLogger [restartedMain] Started SupermarketMappingApplication in 26.391 seconds (JVM running for 28.049)
2023-02-06 16:48:27,786 INFO org.apache.juli.logging.DirectJDKLog [http-nio-8080-exec-1] Initializing Spring DispatcherServlet 'dispatcherServlet'
2023-02-06 16:48:27,787 INFO org.springframework.web.servlet.FrameworkServlet [http-nio-8080-exec-1] Initializing Servlet 'dispatcherServlet'
2023-02-06 16:48:27,790 INFO org.springframework.web.servlet.FrameworkServlet [http-nio-8080-exec-1] Completed initialization in 3 ms
2023-02-06 16:48:56,536 INFO com.wdm.controller.ProductController [http-nio-8080-exec-2]  getAllproduct product :
2023-02-06 16:50:13,732 INFO com.wdm.controller.ProductController [http-nio-8080-exec-4]  getAllproduct product :
2023-02-06 16:50:25,566 INFO com.wdm.controller.ProductController [http-nio-8080-exec-6] getProductById  productId : a
2023-02-06 16:50:25,863 INFO com.wdm.controller.ProductController [http-nio-8080-exec-7] getProductById  productId : ap
2023-02-06 16:50:26,029 INFO com.wdm.controller.ProductController [http-nio-8080-exec-8] getProductById  productId : app
2023-02-06 16:50:26,402 INFO com.wdm.controller.ProductController [http-nio-8080-exec-9] getProductById  productId : appl
2023-02-06 16:50:26,876 INFO com.wdm.controller.ProductController [http-nio-8080-exec-10] getProductById  productId : apple
2023-02-06 16:50:32,783 INFO com.wdm.controller.ProductController [http-nio-8080-exec-1] getProductById  productId : 
2023-02-06 16:51:15,843 INFO com.wdm.controller.ProductController [http-nio-8080-exec-9]  getAllproduct product :
2023-02-06 16:51:31,476 INFO com.wdm.controller.ProductController [http-nio-8080-exec-4]  getAllproduct product :
2023-02-06 17:08:39,954 INFO com.wdm.controller.ProductController [http-nio-8080-exec-9] getProductById  productId : 90
2023-02-06 17:08:49,084 INFO com.wdm.controller.ProductController [http-nio-8080-exec-10] getProductById  productId : 86
2023-02-06 17:08:58,190 INFO com.wdm.controller.ProductController [http-nio-8080-exec-1] getProductById  productId : 84
2023-02-06 17:09:36,332 INFO com.wdm.controller.ProductController [http-nio-8080-exec-6]  getAllproduct product :
2023-02-06 17:09:50,351 INFO com.wdm.controller.ProductController [http-nio-8080-exec-8] getProductById  productId : 90
2023-02-06 17:10:22,244 INFO com.wdm.controller.ProductController [http-nio-8080-exec-7]  getAllproduct product :
2023-02-06 17:10:29,234 INFO com.wdm.controller.ProductController [http-nio-8080-exec-3]  getAllproduct product :
2023-02-06 18:13:32,611 INFO com.wdm.controller.ProductController [http-nio-8080-exec-9]  getAllproduct product :
2023-02-06 18:40:21,143 INFO com.wdm.controller.ProductController [http-nio-8080-exec-7] getProductById  productId : 88
2023-02-06 18:40:26,694 INFO com.wdm.controller.ProductController [http-nio-8080-exec-6] getProductById  productId : 74
2023-02-06 18:40:33,718 INFO com.wdm.controller.ProductController [http-nio-8080-exec-8] getProductById  productId : 63
2023-02-06 18:40:47,270 INFO com.wdm.controller.ProductController [http-nio-8080-exec-9] getProductById  productId : 6
