2023-02-11 15:40:09,360 INFO org.hibernate.validator.internal.util.Version [background-preinit] HV000001: Hibernate Validator 6.2.5.Final
2023-02-11 15:40:09,409 INFO org.springframework.boot.StartupInfoLogger [restartedMain] Starting SupermarketMappingApplication using Java 17.0.4.1 on DESKTOP-K8IL69S with PID 18232 (C:\Users\admin\Documents\workspace-spring-tool-suite-4-4.16.1.RELEASE\prakash\supermarket-mapping\target\classes started by admin in C:\Users\admin\Documents\workspace-spring-tool-suite-4-4.16.1.RELEASE\prakash\supermarket-mapping)
2023-02-11 15:40:09,413 INFO org.springframework.boot.SpringApplication [restartedMain] No active profile set, falling back to 1 default profile: "default"
2023-02-11 15:40:09,648 INFO org.springframework.boot.logging.DeferredLog [restartedMain] Devtools property defaults active! Set 'spring.devtools.add-properties' to 'false' to disable
2023-02-11 15:40:09,648 INFO org.springframework.boot.logging.DeferredLog [restartedMain] For additional web related logging consider setting the 'logging.level.web' property to 'DEBUG'
2023-02-11 15:40:13,244 INFO org.springframework.data.repository.config.RepositoryConfigurationDelegate [restartedMain] Bootstrapping Spring Data JPA repositories in DEFAULT mode.
2023-02-11 15:40:13,785 INFO org.springframework.data.repository.config.RepositoryConfigurationDelegate [restartedMain] Finished Spring Data repository scanning in 476 ms. Found 9 JPA repository interfaces.
2023-02-11 15:40:20,172 INFO org.springframework.boot.web.embedded.tomcat.TomcatWebServer [restartedMain] Tomcat initialized with port(s): 8080 (http)
2023-02-11 15:40:20,245 INFO org.apache.juli.logging.DirectJDKLog [restartedMain] Initializing ProtocolHandler ["http-nio-8080"]
2023-02-11 15:40:20,247 INFO org.apache.juli.logging.DirectJDKLog [restartedMain] Starting service [Tomcat]
2023-02-11 15:40:20,248 INFO org.apache.juli.logging.DirectJDKLog [restartedMain] Starting Servlet engine: [Apache Tomcat/9.0.70]
2023-02-11 15:40:20,731 INFO org.apache.juli.logging.DirectJDKLog [restartedMain] Initializing Spring embedded WebApplicationContext
2023-02-11 15:40:20,737 INFO org.springframework.boot.web.servlet.context.ServletWebServerApplicationContext [restartedMain] Root WebApplicationContext: initialization completed in 11076 ms
2023-02-11 15:40:21,759 INFO org.hibernate.jpa.internal.util.LogHelper [restartedMain] HHH000204: Processing PersistenceUnitInfo [name: default]
2023-02-11 15:40:22,182 INFO org.hibernate.Version [restartedMain] HHH000412: Hibernate ORM core version 5.6.14.Final
2023-02-11 15:40:22,761 INFO org.hibernate.annotations.common.reflection.java.JavaReflectionManager [restartedMain] HCANN000001: Hibernate Commons Annotations {5.1.2.Final}
2023-02-11 15:40:23,073 INFO com.zaxxer.hikari.HikariDataSource [restartedMain] HikariPool-1 - Starting...
2023-02-11 15:40:23,087 WARN com.zaxxer.hikari.util.DriverDataSource [restartedMain] Registered driver with driverClassName=com.mysql.jdbc.Driver was not found, trying direct instantiation.
2023-02-11 15:40:23,952 INFO com.zaxxer.hikari.HikariDataSource [restartedMain] HikariPool-1 - Start completed.
2023-02-11 15:40:24,022 INFO org.hibernate.dialect.Dialect [restartedMain] HHH000400: Using dialect: org.hibernate.dialect.MySQL8Dialect
2023-02-11 15:40:26,352 INFO org.hibernate.engine.transaction.jta.platform.internal.JtaPlatformInitiator [restartedMain] HHH000490: Using JtaPlatform implementation: [org.hibernate.engine.transaction.jta.platform.internal.NoJtaPlatform]
2023-02-11 15:40:26,373 INFO org.springframework.orm.jpa.AbstractEntityManagerFactoryBean [restartedMain] Initialized JPA EntityManagerFactory for persistence unit 'default'
2023-02-11 15:40:28,289 WARN org.springframework.boot.autoconfigure.orm.jpa.JpaBaseConfiguration$JpaWebConfiguration [restartedMain] spring.jpa.open-in-view is enabled by default. Therefore, database queries may be performed during view rendering. Explicitly configure spring.jpa.open-in-view to disable this warning
2023-02-11 15:40:28,731 INFO org.springframework.boot.autoconfigure.web.servlet.WelcomePageHandlerMapping [restartedMain] Adding welcome page: class path resource [static/index.html]
2023-02-11 15:40:30,817 INFO org.springframework.boot.devtools.autoconfigure.OptionalLiveReloadServer [restartedMain] LiveReload server is running on port 35729
2023-02-11 15:40:30,854 INFO org.apache.juli.logging.DirectJDKLog [restartedMain] Starting ProtocolHandler ["http-nio-8080"]
2023-02-11 15:40:30,921 INFO org.springframework.boot.web.embedded.tomcat.TomcatWebServer [restartedMain] Tomcat started on port(s): 8080 (http) with context path ''
2023-02-11 15:40:30,969 INFO org.springframework.boot.StartupInfoLogger [restartedMain] Started SupermarketMappingApplication in 23.25 seconds (JVM running for 26.119)
2023-02-11 15:40:51,210 INFO org.apache.juli.logging.DirectJDKLog [http-nio-8080-exec-1] Initializing Spring DispatcherServlet 'dispatcherServlet'
2023-02-11 15:40:51,212 INFO org.springframework.web.servlet.FrameworkServlet [http-nio-8080-exec-1] Initializing Servlet 'dispatcherServlet'
2023-02-11 15:40:51,218 INFO org.springframework.web.servlet.FrameworkServlet [http-nio-8080-exec-1] Completed initialization in 5 ms
2023-02-11 15:40:51,927 INFO com.wdm.controller.ProductController [http-nio-8080-exec-4]  getAllproduct product :
2023-02-11 15:41:02,339 INFO com.wdm.controller.ProductController [http-nio-8080-exec-8]  getAllproduct product :
2023-02-11 15:41:04,191 INFO com.wdm.controller.ProductController [http-nio-8080-exec-1] getProductById  productId : 36
2023-02-11 15:41:13,726 INFO com.wdm.controller.ProductController [http-nio-8080-exec-6]  getAllproduct product :
2023-02-11 15:41:15,404 INFO com.wdm.controller.ProductController [http-nio-8080-exec-4] getProductById  productId : 36
2023-02-11 15:41:24,251 INFO com.wdm.controller.ProductController [http-nio-8080-exec-1] getProductById  productId : 11
2023-02-11 15:41:30,985 INFO com.wdm.controller.ProductController [http-nio-8080-exec-9]  getAllproduct product :
2023-02-11 15:43:42,944 INFO com.wdm.controller.ProductController [http-nio-8080-exec-3] getProductById  productId : 36
2023-02-11 15:56:54,145 INFO com.wdm.controller.ProductController [http-nio-8080-exec-4]  getAllproduct product :
2023-02-11 15:57:41,342 WARN org.springframework.web.servlet.handler.AbstractHandlerExceptionResolver [http-nio-8080-exec-9] Resolved [org.springframework.web.bind.MethodArgumentNotValidException: Validation failed for argument [0] in public org.springframework.http.ResponseEntity<com.wdm.entity.UserAccount> com.wdm.controller.UserController.saveuser(com.wdm.model.RequestUserAccount): [Field error in object 'requestUserAccount' on field 'password': rejected value [pra]; codes [Size.requestUserAccount.password,Size.password,Size.java.lang.String,Size]; arguments [org.springframework.context.support.DefaultMessageSourceResolvable: codes [requestUserAccount.password,password]; arguments []; default message [password],20,8]; default message [size must be between 8 and 20]] ]
2023-02-11 15:58:05,633 WARN org.springframework.web.servlet.handler.AbstractHandlerExceptionResolver [http-nio-8080-exec-6] Resolved [org.springframework.web.bind.MethodArgumentNotValidException: Validation failed for argument [0] in public org.springframework.http.ResponseEntity<com.wdm.entity.UserAccount> com.wdm.controller.UserController.saveuser(com.wdm.model.RequestUserAccount): [Field error in object 'requestUserAccount' on field 'password': rejected value [pra]; codes [Size.requestUserAccount.password,Size.password,Size.java.lang.String,Size]; arguments [org.springframework.context.support.DefaultMessageSourceResolvable: codes [requestUserAccount.password,password]; arguments []; default message [password],20,8]; default message [size must be between 8 and 20]] ]
2023-02-11 16:00:17,542 WARN org.springframework.web.servlet.handler.AbstractHandlerExceptionResolver [http-nio-8080-exec-4] Resolved [org.springframework.web.bind.MethodArgumentNotValidException: Validation failed for argument [0] in public org.springframework.http.ResponseEntity<com.wdm.entity.UserAccount> com.wdm.controller.UserController.saveuser(com.wdm.model.RequestUserAccount) with 2 errors: [Field error in object 'requestUserAccount' on field 'emailId': rejected value [afca]; codes [Email.requestUserAccount.emailId,Email.emailId,Email.java.lang.String,Email]; arguments [org.springframework.context.support.DefaultMessageSourceResolvable: codes [requestUserAccount.emailId,emailId]; arguments []; default message [emailId],[Ljavax.validation.constraints.Pattern$Flag;@5a625a62,.*]; default message [must be a well-formed email address]] [Field error in object 'requestUserAccount' on field 'password': rejected value [faf]; codes [Size.requestUserAccount.password,Size.password,Size.java.lang.String,Size]; arguments [org.springframework.context.support.DefaultMessageSourceResolvable: codes [requestUserAccount.password,password]; arguments []; default message [password],20,8]; default message [size must be between 8 and 20]] ]
